===== REPORTE GENERAL - 120725115906 =====

--- Análisis de eventos por estado, misión y dispositivo ---
18	UNKN	unknown	unknown
3	GALXONE	ship	excellent
3	CLNM	vehicle	killed
2	TMRS	vehicle	unknown
2	TMRS	spacesuit	killed
2	TMRS	ship	good
2	TMRS	ship	excellent
2	ORBONE	satellite	good
2	GALXONE	vehicle	unknown
2	CLNM	spacesuit	unknown
2	CLNM	ship	unknown
2	CLNM	ship	faulty
2	CLNM	ship	excellent
1	TMRS	vehicle	warning
1	TMRS	vehicle	killed
1	TMRS	vehicle	faulty
1	TMRS	spacesuit	faulty
1	TMRS	ship	warning
1	TMRS	ship	unknown
1	TMRS	ship	faulty
1	TMRS	satellite	faulty
1	ORBONE	vehicle	warning
1	ORBONE	vehicle	unknown
1	ORBONE	vehicle	killed
1	ORBONE	vehicle	excellent
1	ORBONE	spacesuit	killed
1	ORBONE	spacesuit	excellent
1	ORBONE	ship	good
1	ORBONE	ship	faulty
1	ORBONE	ship	excellent
1	ORBONE	satellite	killed
1	GALXONE	vehicle	good
1	GALXONE	vehicle	faulty
1	GALXONE	vehicle	excellent
1	GALXONE	ship	warning
1	GALXONE	ship	good
1	GALXONE	ship	faulty
1	GALXONE	satellite	unknown
1	CLNM	spacesuit	warning
1	CLNM	spacesuit	killed
1	CLNM	satellite	unknown
1	CLNM	satellite	good

--- Dispositivos con más desconexiones (estado: unknown) por misión ---
18	UNKN	unknown
2	TMRS	vehicle
2	GALXONE	vehicle
2	CLNM	spacesuit
2	CLNM	ship
1	TMRS	ship
1	ORBONE	vehicle
1	GALXONE	satellite
1	CLNM	satellite

--- Dispositivos inoperables por misión (estado: faulty) ---
2	CLNM	ship
1	TMRS	vehicle
1	TMRS	spacesuit
1	TMRS	ship
1	TMRS	satellite
1	ORBONE	ship
1	GALXONE	vehicle
1	GALXONE	ship

--- Porcentaje de registros por misión ---
UNKN	24,66%
TMRS	21,92%
CLNM	20,55%
ORBONE	16,44%
GALXONE	16,44%

--- Porcentaje de registros por tipo de dispositivo ---
ship	30,14%
unknown	24,66%
vehicle	23,29%
spacesuit	12,33%
satellite	9,59%

