date	mission	device_type	device_status	hash
120725171306	CLNM	vehicle	killed	711e3f30aa9a0ee422b109d8c13ad68f05c174e541cbfb1071b79493482b9100
120725171306	CLNM	vehicle	good	a406cea45866956976f847412c28192be721e961f95ae1f8af662af332ae5c01
120725171306	CLNM	spacesuit	unknown	b1a35cfb2e6da60622e7d172298f13084df859a2a10f20529857b454039b7c3d
120725171306	CLNM	vehicle	excellent	6c4a4c102cfc68bef53d88731ad6f0a873fbcc7e56e7f41f50d4acedc8e9cf7c
120725171306	GALXONE	satellite	unknown	1e4db56ccb208765263c61efd93afba3587a17e8a64d5ebe99b30de3e09420b7
120725171306	GALXONE	ship	unknown	7db9381aaec884c17ccf71ef71466b0031c0de6b56819213b60ae22cf5bfe062
120725171306	GALXONE	spacesuit	unknown	c1f048e8861d9e4de9929363b7e6c35aec3fd174cf2017f7accd8c2b91bfd16f
120725171306	GALXONE	ship	killed	e752e2471b0d7f1431c7c51f59b3e11e73eb8ec895f642d5ea2ca0d709fa5202
120725171306	ORBONE	ship	warning	29ab4803969fb041546adb8dbe3e6e8a1e66c71375a697e911d6ac17f3e2d921
120725171306	TMRS	ship	faulty	15bd59f00db6dfea1950f91a9b7c25d31d473ab56415879bf77fdaf56528a4b6
120725171306	TMRS	spacesuit	good	61dc89f4b0509477550fb7e0504acaa67364b128d3021c476d50300debb57aae
120725171306	TMRS	ship	unknown	1993db7d3f8384a445b020d929102fd158040b7dd36a111a297898544fbd75c6
120725171306	TMRS	satellite	faulty	0d768a2da273537d97ee8ff4c788d71ed3d13114efcaa5dd742f945773457100
120725171306	TMRS	satellite	faulty	0d768a2da273537d97ee8ff4c788d71ed3d13114efcaa5dd742f945773457100
120725171306	TMRS	satellite	faulty	0d768a2da273537d97ee8ff4c788d71ed3d13114efcaa5dd742f945773457100
120725171306	UNKN	unknown	unknown	unknown
120725171306	UNKN	unknown	unknown	unknown
120725171306	UNKN	unknown	unknown	unknown
120725171306	UNKN	unknown	unknown	unknown
120725171327	CLNM	satellite	faulty	dc8bd623256a3b9579b6ef6c8ffd89a52b9e4044decc04b7acfd806e8766111f
120725171327	CLNM	spacesuit	killed	3b072c999521882962f3127c9e55a8ff9f50d78e51565828c83e69c1a46b807f
120725171327	CLNM	vehicle	good	5e980aa453f457ca0d0dc2a7bd17a54a72cdd1cc583bbef4baa4c4dedc762f29
120725171328	CLNM	ship	warning	e01d5fc57ec055fb0f51b3ecae8e823b1c9e473c4f05b9e611409544a2826c0b
120725171327	CLNM	vehicle	faulty	e68f9fe2dd746605f22c8a69249950167e3054769bd8e64eea4a974a231adfd3
120725171327	CLNM	satellite	good	e944f31269c400564181187bca2c6d2993184fc6b5cc0e150cb5401b4eb547d2
120725171327	CLNM	satellite	unknown	3e12da2c6be995a92d7befcdace717b16b359afbae6cffe9cbf80c0294358ff5
120725171327	CLNM	vehicle	faulty	e68f9fe2dd746605f22c8a69249950167e3054769bd8e64eea4a974a231adfd3
120725171327	CLNM	satellite	faulty	dc8bd623256a3b9579b6ef6c8ffd89a52b9e4044decc04b7acfd806e8766111f
120725171327	CLNM	vehicle	killed	e5778d99b93e1b4142ed190f37029ed767e4e60630e41ba4b5c88c03e69f2d2e
120725171327	CLNM	spacesuit	killed	3b072c999521882962f3127c9e55a8ff9f50d78e51565828c83e69c1a46b807f
120725171327	CLNM	satellite	killed	18303123190df9ce7f69e5fef3e77a5c1847aba9cd8508cfcd88954155c5c1e9
120725171327	CLNM	spacesuit	unknown	c5ca9057dae6e412c733e4b46a498b4324b0ad6129f7c670ce02b87942d17d81
120725171327	CLNM	satellite	excellent	3657c5e8fe73b3469efd1011691d49954ed00cea5df3c4db6969c5657870dfa1
120725171327	CLNM	ship	killed	5843412a8a4340be55441f7b678ca8a8ee27c2c77061867d282b2e0886c1994c
120725171328	CLNM	ship	good	fb60dafba280181aa017a55dd856017c41beb53c0ae58345ccf9495e1a8518ae
120725171328	GALXONE	vehicle	unknown	de32002a294d9666e03c666344dd6aaa6530547097840528e6a6199fb5f900c6
120725171328	GALXONE	vehicle	good	f52ec56ee78b7e40102a4102233c38a94fa8a3343c7b0f56c1db2f6e88a5953b
120725171327	GALXONE	satellite	excellent	1edf8f46db5b2daceda6e78b3c8b14eada49fc513a41668ad5fce8e342ff1e18
120725171328	GALXONE	satellite	good	7456c4dfab0854331dad49d84e7f075f4932648e67aa8a8ae8785a783c4881b6
120725171327	GALXONE	ship	killed	24d2c449d201079ab94f2c1cc1af4db7d6f91d9224fc15627f1e6183c8760386
120725171327	GALXONE	ship	excellent	a9c25cc73b750b661d1c63de11f35ef5e0c6ac3b2301ab2b8e23bf78c876f298
120725171328	GALXONE	spacesuit	good	4b2fcc439243dfdbc543cd0380fe28c79e729603cda6796ceb3ee974bd60281f
120725171327	GALXONE	satellite	excellent	1edf8f46db5b2daceda6e78b3c8b14eada49fc513a41668ad5fce8e342ff1e18
120725171328	GALXONE	ship	good	996c8c0a53b1cb200bc99eee4b0c17c2f0124ba3b1b929ad710df67300caf252
120725171327	GALXONE	satellite	good	0dd8d287b821317d2d0beb6113793f61fe05c01a75dcb720a59eafa242ac4482
120725171327	GALXONE	vehicle	good	257fa048f51a2fc6581d0e5cd70f5c2247d2ae004f629c0dd6ad2a598a69231e
120725171327	GALXONE	ship	faulty	10c56d0a27022ec230a7a71178bbc738b231dd43e3a86bc65c3435b989e42e55
120725171327	GALXONE	vehicle	excellent	1bca6d202d987d666e166779b53c6b58b06eb45e8f8378fa1588f0d75524a39b
120725171327	GALXONE	vehicle	good	257fa048f51a2fc6581d0e5cd70f5c2247d2ae004f629c0dd6ad2a598a69231e
120725171327	GALXONE	satellite	warning	9e781eb460ad174385519b8ae81dc73df9b15ba9ece5275346bcd5783a1d6066
120725171327	GALXONE	spacesuit	warning	ad874d259f45f921084baa9f211c18775981bbad3ddc594752e7ef32dcf9ce78
120725171328	GALXONE	satellite	warning	171e277e95433770f1ff6000bb358dfa4dd44b334e5bfb8537c97f087c6b8d99
120725171327	ORBONE	vehicle	good	9c8ef3736ab633a59b65904f681f14f1c7f87688adb218e89973baa453896b1e
120725171327	ORBONE	satellite	unknown	3559c2fe0d04e6b6357e00cbcdf584a066e93c844165f78b1a8bf7e158c6ba25
120725171327	ORBONE	spacesuit	excellent	c2d4258d4b56955fec5cb5e393875b019dbaa54b20d4067b6e14e2159cc16f1c
120725171327	ORBONE	satellite	killed	8693265319e7023096b7e3ecefe5e4c1f5dc67952fb15d29b66fee2211c9c6dc
120725171327	ORBONE	satellite	excellent	9221ea03ea17be5424a8088f28aa06b8d549439ba857ea0f50271884ebed0d94
120725171327	ORBONE	satellite	faulty	a8659ae857b2e1a19f53debf9e847588d814eb449cc26b9616758eb60dc60498
120725171327	ORBONE	ship	good	edf995f98ee3ab9e8e1699e152f2438d75982dc96407b3c188736d03a7d1f55d
120725171327	ORBONE	satellite	killed	8693265319e7023096b7e3ecefe5e4c1f5dc67952fb15d29b66fee2211c9c6dc
120725171328	ORBONE	ship	unknown	0c1360c3fe14f7efa516ac5579fcbfce38323e954427f4bdc4469dbcccd44b67
120725171328	ORBONE	satellite	unknown	9ee5ec2a09f6a15870597254b9202b57740b31c6f755d68873b805456ee82761
120725171327	ORBONE	vehicle	warning	d4930a99b5ff8d66bb0e397571cabfbf39440f4a40b4005fbbf1455f345da174
120725171328	ORBONE	satellite	faulty	bc10aecc72b8d6697696c5709a281951c81f6edb1f7bc2f7a96dfc93b2fd8546
120725171327	ORBONE	vehicle	killed	de40a6c19c9defc81033b2cfd7d3f82476fdd88bd0afd3ecd12efe1496dda752
120725171327	ORBONE	satellite	killed	8693265319e7023096b7e3ecefe5e4c1f5dc67952fb15d29b66fee2211c9c6dc
120725171327	ORBONE	satellite	faulty	a8659ae857b2e1a19f53debf9e847588d814eb449cc26b9616758eb60dc60498
120725171327	ORBONE	satellite	warning	f2184ac42faf153cd0a85a03743506d44ebc99ebed4358c5393ff6eb980447ce
120725171327	ORBONE	spacesuit	warning	0ab867d6ad9fb0cf147c144923ddb8e74b80e3ecef1e5a10a0da7343f1f52e91
120725171327	ORBONE	spacesuit	good	35b914314b5ceef31a47fd570ab8c15576fd8207c4081a8503150bd006f614d9
120725171328	ORBONE	ship	good	d9ab872d706bc59731c7e9813085807f8a5b068c4a959259ecd10c7951750e47
120725171328	ORBONE	satellite	excellent	58ca1df5a5533f2ddfd559975a0a9aec8d8bfe70e19c52b8c2c9fd8511cbc26e
120725171327	ORBONE	satellite	good	aee77c6053b57019f690f90c36cef582e397fdd86cf4e485254daa8c6e26fca0
120725171327	ORBONE	spacesuit	killed	2c5fd31f5015e8473c421fe8064679c7571aea374fac977bb863bf25cd007224
120725171327	ORBONE	spacesuit	excellent	c2d4258d4b56955fec5cb5e393875b019dbaa54b20d4067b6e14e2159cc16f1c
120725171327	ORBONE	vehicle	excellent	6b92f5182bdd8a86bbea7d19cc9322c0495e23b8218d63c04997ad0be732ddae
120725171327	TMRS	ship	good	c85a03765db40695437560a42b1d46e0303d36a89abe3795ef1f5680be039ee1
120725171328	TMRS	spacesuit	good	a15b7fc268c993b3db45953c9048f46fefc85ce2e4f01493d892d1944b635b8b
120725171327	TMRS	ship	good	c85a03765db40695437560a42b1d46e0303d36a89abe3795ef1f5680be039ee1
120725171327	TMRS	ship	unknown	37ca32b79eabcb7f265a20bc09956772904008280b3f3962b1b3bdf22480a930
120725171328	TMRS	satellite	faulty	86b2aa42fce6bd5205f5f42a9b7bba230e33dd8164ef61c3ca6f4110fcf16ed6
120725171328	TMRS	vehicle	faulty	c7d51856e84c7ce9727c0ecf74ddad728e406bc05ff8c9412bd1e3c421fe14c8
120725171328	TMRS	vehicle	unknown	6e7403879bb39df24063c6cc1eab72e0c582f0bc43ae24d3f060a08a1146a2f5
120725171327	TMRS	ship	good	c85a03765db40695437560a42b1d46e0303d36a89abe3795ef1f5680be039ee1
120725171327	TMRS	ship	excellent	bda8af238a75f58ba0d5456f1c155e5943a94ac7cc13cfc48ea2932b59556656
120725171327	TMRS	spacesuit	good	e69ac4644cdefee255f1ca9b13d6f2b5d1fb654fb42fe54109caa602a288a038
120725171327	TMRS	satellite	warning	a965c6e89b7e2e1fee6812256bebf506a4138cd61c504b62edaaed605829a188
120725171327	TMRS	satellite	killed	8d9a3c3a92f8b038375a14be558a9c4b92787230bb3b4f32b6ac11a6cd4acccf
120725171327	TMRS	vehicle	faulty	4bdc135ef14abf4238e1f2fac9894978bc003e36475782f3859ba42742e47e6b
120725171327	UNKN	unknown	unknown	unknown
120725171327	UNKN	unknown	unknown	unknown
120725171328	UNKN	unknown	unknown	unknown
120725171328	UNKN	unknown	unknown	unknown
120725171328	UNKN	unknown	unknown	unknown
120725171327	UNKN	unknown	unknown	unknown
120725171327	UNKN	unknown	unknown	unknown
120725171327	UNKN	unknown	unknown	unknown
120725171327	UNKN	unknown	unknown	unknown
120725171327	UNKN	unknown	unknown	unknown
120725171328	UNKN	unknown	unknown	unknown
120725171328	UNKN	unknown	unknown	unknown
120725171327	UNKN	unknown	unknown	unknown
120725171328	UNKN	unknown	unknown	unknown
120725171327	UNKN	unknown	unknown	unknown
120725171328	UNKN	unknown	unknown	unknown
120725171328	UNKN	unknown	unknown	unknown
120725171327	UNKN	unknown	unknown	unknown
120725171327	UNKN	unknown	unknown	unknown
120725171350	CLNM	satellite	killed	ef0121d5fd7c502d0f2ae5f4569d9b297d099c9a149908b170e2a974f179c114
120725171350	GALXONE	vehicle	warning	3fa161a0ae672b134bea4b6ca4f74d11be6103013a81e5e2828c84a8120653ae
120725171350	GALXONE	spacesuit	faulty	58f99892fd5cb65703988bd31a0e052a85bc12a21c17e30f0e2316c422aee184
120725171350	GALXONE	vehicle	excellent	b593bb5d284f7c87680dbbe9bb8902795f1d1372c39c77cfb85fb94c37e14487
120725171350	GALXONE	ship	warning	db500f46eaf6e007632fe576b3ab2997f0611ffc538e4f99720630f07097cf50
120725171350	ORBONE	spacesuit	warning	b2f039fa434070f5f004515f0c0c7aa599b8f8c54fc9989957cbab486e3d52cc
120725171350	ORBONE	spacesuit	good	d4a6656aca9a6e546aa5cfd64b7dddd09b8a808c5bab72c59780d942054296f8
120725171350	ORBONE	ship	faulty	d5525bc3fb21bfc9e2ba77ce08fbb9b1e65584cc62acffebadaf40ec51837803
120725171350	TMRS	spacesuit	excellent	c027792354c0f3f4529989ed0d8d07feed7924e0fed354bc46c7c33065c33e33
120725171350	TMRS	vehicle	good	125b03aed91e50c17cb3a3e095c902fd11dd67f7acb51590c64868a6e88cda0b
120725171350	UNKN	unknown	unknown	unknown
120725171350	UNKN	unknown	unknown	unknown
120725171350	UNKN	unknown	unknown	unknown
120725171350	UNKN	unknown	unknown	unknown
120725171350	UNKN	unknown	unknown	unknown
120725171350	UNKN	unknown	unknown	unknown
120725171411	CLNM	ship	faulty	f3cad2570267193a4ed1a30043900722685d40fdd09f0b33d5dfd14564858848
120725171410	CLNM	vehicle	warning	3ede7d01c7c97ad2cb2ae55e665e2a2168eb7a904c64ae9fc9a9d61488cc6a9e
120725171411	CLNM	satellite	faulty	f729cfa911e1ccad9747018558fc2e79b56f72b49e857ed0c91fb39967d26dcb
120725171411	CLNM	vehicle	good	fb402430eeb06b4ad7d6a1dc7a559284b2d904a69ed20e76042c15d863b0877f
120725171411	CLNM	vehicle	faulty	d6030b1cbc543d552ca2a4f1c12cc469e5f1157083db8ed3d296162fbca73557
120725171411	CLNM	satellite	good	3f63aed8904807fdebe216893a1639b818f0eb2abc50ab2a78171b38dcbc4da9
120725171411	CLNM	ship	warning	87facbc1a4e04288f80e298d1f08a20e51eef1e02a7845d8e4ce234c0b430c9d
120725171410	CLNM	spacesuit	killed	a993be1344bd4e34c48e0527364b377fac46ef4447e00b62b05f2cb4b1b48df9
120725171411	CLNM	vehicle	killed	2426c70a02cf0d8344a457dc1c060ae5f585902399420ecf33985ed4e151179b
120725171410	CLNM	ship	good	c3ad4af6fe2d23bfa6a2521fba3ce0c5fa57e9a0a074a7efe51329288581f48e
120725171410	CLNM	satellite	good	0735fe790955a93eaf7184e5475a80cc178a22984f8f97ad3c068213493b876e
120725171411	GALXONE	spacesuit	faulty	07435418d019d3931890d05068e73e85abe77bef421ee9f2b591cab5871ea35d
120725171411	GALXONE	vehicle	excellent	40ebd19e3ae48499a2a1bf9c694c0b067d0b1d7a2fdd98849b2d1967e5f7cc87
120725171411	GALXONE	ship	warning	8e2e16f06ecad2135752a8245ad8563116c25bc9f58866187c172b34b6598db1
120725171411	GALXONE	satellite	faulty	35015e889413e91f611cc9f90172feab4c1bf47c9ce4723a472918acddcb4e08
120725171411	GALXONE	ship	good	b3bd2fca17fe1fcb5d91b1fd73abe0ccfedf20c2c43a56d5530063176f737980
120725171410	GALXONE	satellite	excellent	810d8af33849130f0b965fd0eff36f57bdf2b692acb970851711f944b1daded5
120725171411	GALXONE	satellite	killed	56d27d5669e14f7f7f1aa9c32dbdd2db33099712264a49d48b76760139e847da
120725171410	GALXONE	spacesuit	unknown	d90d6f07fe0facbae626e1c4677fae8626b71c676c8b94bc0fcbf0cc3ef81be4
120725171411	GALXONE	satellite	unknown	d9b9a0af571a4c6b78f707ce84ee5dd13bd37e267e9ab68282699ae331e1ba6f
120725171410	GALXONE	spacesuit	warning	95ec2e4f7b96de4b78e3ca57849fe37229abe38cf98a1864f9d4e345f414b6d4
120725171410	ORBONE	vehicle	good	cff5edac113e3f1987dd934be137ba9826b0a0d3d75266e2eb5f28578cfaad99
120725171410	ORBONE	spacesuit	unknown	70e1f6deb9cfed1f6c0ee98a5c0bfadee586c64adfd0224064723ebe1f9fd25f
120725171411	ORBONE	satellite	killed	75def14a2daf6b79a306e55254661876e17bdf58e26ab490b7153e452c99b2d1
120725171411	ORBONE	spacesuit	excellent	6c123f5a783e833fb6c202e45a0a7075f7570a5806d9da449a89d7dfdf865b42
120725171410	ORBONE	ship	excellent	f9c568afea5a57ebf0fafc467bb91668060345a8c8491c954751efa8086646eb
120725171410	ORBONE	vehicle	excellent	c1518e5609d4b47c70ff7bfe92919fd8f6cf24dc01dd2417eac767f8bdde60b5
120725171411	ORBONE	spacesuit	warning	296c22efaa21a5d39099c2e7f90da4cfb9ea7bdaf075947025c574fb6acdbe7a
120725171410	ORBONE	ship	killed	a783d86b901e13abf694b83dbc7572d120898016f1af837757b6ad264b0eda05
120725171410	ORBONE	satellite	killed	5d958119bdf0a4d82b1bec14a696d283d72cd6f16395012f95035050d32d4fae
120725171411	TMRS	ship	unknown	3b6277c974ce1b7f0eed6d08654cb7b15de8c2f9a118bfa4c6ac70723cc77f60
120725171411	TMRS	satellite	faulty	0f1078abaa2a8951b39de77aa105994a8f46b030e0ec31141293659312c00dee
120725171411	TMRS	satellite	warning	e926a9970dd7a1efb00a3cfa0b3f006e48ff30855791823ea803f3e156f03c2d
120725171411	TMRS	spacesuit	good	a0a5986f587cecea275bbc065a7068482dd46e4f6a4e1edaadd3823698fb67ff
120725171411	TMRS	spacesuit	faulty	2da096dc998ac15fcdacbe5cfb1280b47cdb50b5573b00ed70a8d0652363cc65
120725171411	TMRS	spacesuit	faulty	2da096dc998ac15fcdacbe5cfb1280b47cdb50b5573b00ed70a8d0652363cc65
120725171411	UNKN	unknown	unknown	unknown
120725171410	UNKN	unknown	unknown	unknown
120725171410	UNKN	unknown	unknown	unknown
120725171410	UNKN	unknown	unknown	unknown
120725171410	UNKN	unknown	unknown	unknown
120725171411	UNKN	unknown	unknown	unknown
120725171410	UNKN	unknown	unknown	unknown
120725171410	UNKN	unknown	unknown	unknown
120725171411	UNKN	unknown	unknown	unknown
120725171411	UNKN	unknown	unknown	unknown
120725171411	UNKN	unknown	unknown	unknown
120725171432	CLNM	satellite	excellent	9a2a7e20a920395532dcc018bea9e3ebb0186cbb26495d0ec73bb893ef2f32a2
120725171432	CLNM	satellite	warning	cc58803ca5636e518a79687eaea825f3d33a94cfe92bb3bbf022919ee1d054bf
120725171432	CLNM	ship	killed	65118e8502329b97f08e18c1ab6144677ac102b1614931bf8120edd54f24b474
120725171432	CLNM	vehicle	excellent	862559d0eb498ef105e8af9ddc48be1e13abed0e94e4516731a0962ac9ce13b0
120725171432	CLNM	spacesuit	unknown	3ef1057b7df564a446d724822c1735afb8b8f3f481aed80b163bb005245cd38f
120725171432	CLNM	satellite	killed	ab3117f79bc183e73302fb567d5f3fb99760bd5766a6690896f328c40c39c9c8
120725171432	CLNM	vehicle	faulty	3162cf095c91bddf79744be3ec9892de3d0cbeabcd6d5ffba064a4441b8d8efb
120725171432	GALXONE	spacesuit	good	7a007cc08bc1c2954d18896526adc6dadc7ef9ec17d95601da5f0b40a4c7ffc4
120725171432	GALXONE	satellite	warning	eabe8a86f8cfa1907089de2c925376a68a8683dfe87ee418cc90d8be58d2d585
120725171432	ORBONE	ship	killed	189dfdc785c9c8b85c57ecc48fdc14dda7f354db1e0b5e291d183eed81053a2c
120725171432	ORBONE	vehicle	unknown	1a1abc2da8c637b7d83b0241da746d4719f95fe3d35cf8ff5511113493230808
120725171432	ORBONE	ship	unknown	a1bcf14fb552cc030cf2ada87c6ce47be6368c2d688148b2c71938a10d7325de
120725171432	ORBONE	satellite	unknown	5366c39be4fe5865b30bcbed47aa9a34db870b1d140d0f29d5003bef52952fc6
120725171432	ORBONE	vehicle	unknown	1a1abc2da8c637b7d83b0241da746d4719f95fe3d35cf8ff5511113493230808
120725171432	ORBONE	vehicle	excellent	fece1cdaec206c766390c07fcc7e03b384413487364298e1bc69296b2d50c4e6
120725171432	ORBONE	ship	killed	189dfdc785c9c8b85c57ecc48fdc14dda7f354db1e0b5e291d183eed81053a2c
120725171432	ORBONE	ship	killed	189dfdc785c9c8b85c57ecc48fdc14dda7f354db1e0b5e291d183eed81053a2c
120725171432	TMRS	spacesuit	warning	50f70cf13b7646acd50f3b8f76c4e634b77fc91568d4602a18faea54774393c1
120725171432	TMRS	vehicle	good	911c70c3581f5b81dfd29845c7b5443238d90bfa3da9862edaaab40f46d7e2ef
120725171432	TMRS	ship	excellent	f9a30445dde0d07323a253c0037af9f07e84c50981b22a3fe3ea72e6a4529980
120725171432	TMRS	vehicle	good	911c70c3581f5b81dfd29845c7b5443238d90bfa3da9862edaaab40f46d7e2ef
120725171432	TMRS	ship	excellent	f9a30445dde0d07323a253c0037af9f07e84c50981b22a3fe3ea72e6a4529980
120725171432	UNKN	unknown	unknown	unknown
120725171432	UNKN	unknown	unknown	unknown
120725171432	UNKN	unknown	unknown	unknown
120725171432	UNKN	unknown	unknown	unknown
120725172044	CLNM	ship	excellent	cca844e6b7d73ffe5882f5fb080e24cc7f38e3475ce64d3eec1650dfcd2314b4
120725172044	CLNM	ship	unknown	7c597298075bda564a8622470e902dbe2d9defde25956e58d445ceaa5e9ecacf
120725172044	CLNM	satellite	warning	c3c9d2fdf94470ec9ed87680c95f41b65991560f7c15155b4b8d8b0da9172327
120725172044	CLNM	spacesuit	good	bd6a26a161faff24e3788cbc42af34e8777a8497f735bfa82910dac3c3921587
120725172044	CLNM	vehicle	unknown	c0600ef02412995e03ea911d8716a41dee6ed509374d87e500e7de35793e6fa6
120725172044	CLNM	ship	excellent	cca844e6b7d73ffe5882f5fb080e24cc7f38e3475ce64d3eec1650dfcd2314b4
120725172044	CLNM	vehicle	killed	e6eefeb93f4921014c43bd4f57989de5cf1678ec4750e5d37783e2cff4ac20d2
120725172044	CLNM	satellite	unknown	9adb3e19206ad133858fa5370af16f89a695d326e8147edc122b5e4701bbed80
120725172044	CLNM	spacesuit	excellent	6abc779b96cce5a9312cac65b0db2939bd944659c7a6d1ffa8e32fdb847c9833
120725172044	CLNM	ship	faulty	8e65a372d4801133bf7beb0013f312c5a4158a43ba7e7864494a95ae0e0304c4
120725172044	CLNM	ship	unknown	7c597298075bda564a8622470e902dbe2d9defde25956e58d445ceaa5e9ecacf
120725172044	CLNM	ship	good	8d9c1bce8214031499a1a3c0a8afa0ceb6b871d50c00ec08c28445578cade768
120725172044	CLNM	satellite	faulty	a5b3dc89f86c18a729e75bd3ab4bb5eca27175a936e34c3057451d05277e5268
120725172044	CLNM	vehicle	good	df80690145246c71ad13a0e9f41ef110951f64fdf30627928f16c7eb9a923d99
120725172043	CLNM	satellite	killed	745ae95143a447f6ef577ef2103c33ba9b1acfdb051ae6c153eb5ff84f009d0a
120725172044	CLNM	ship	excellent	cca844e6b7d73ffe5882f5fb080e24cc7f38e3475ce64d3eec1650dfcd2314b4
120725172044	CLNM	spacesuit	excellent	6abc779b96cce5a9312cac65b0db2939bd944659c7a6d1ffa8e32fdb847c9833
120725172044	CLNM	ship	excellent	cca844e6b7d73ffe5882f5fb080e24cc7f38e3475ce64d3eec1650dfcd2314b4
120725172044	GALXONE	satellite	unknown	840de49571c9599e9e62be51858827d4ce5322c749292df4fd208f57b4a21535
120725172044	GALXONE	spacesuit	unknown	0e391497f1920801bd1371eb610493509fb24cecf024045795498b6c51f4f2c5
120725172044	GALXONE	spacesuit	killed	91db5f4fcf55c07549a3f61e3cc352eeceb451df5a551f44008b32ab65e400cd
120725172044	GALXONE	ship	killed	f88ae905303d45c18f4f49c21191550aeef8a35e6ff3bd58c3a0cd134902f945
120725172043	GALXONE	vehicle	warning	e188dded2c4ca1cac2efa72abc542cfa56cadb67aa192bd8ae93d21f4dbfb9d1
120725172044	GALXONE	satellite	unknown	840de49571c9599e9e62be51858827d4ce5322c749292df4fd208f57b4a21535
120725172043	GALXONE	vehicle	warning	e188dded2c4ca1cac2efa72abc542cfa56cadb67aa192bd8ae93d21f4dbfb9d1
120725172044	GALXONE	vehicle	faulty	1d28d90ba4aee45648a3ebb80ee320dcf39c73f86ef52e2d4fbdd89f4f100640
120725172044	GALXONE	spacesuit	good	d92b0ecfdeddbebcabf3c8b76ae8cedd3c51aa8657ff783a6235937146852364
120725172044	GALXONE	satellite	excellent	71963e47dbd6fcfbbea906c3eb994cf95ce92bbe16e174860d7a700583360fa2
120725172044	GALXONE	satellite	unknown	840de49571c9599e9e62be51858827d4ce5322c749292df4fd208f57b4a21535
120725172044	GALXONE	spacesuit	faulty	c871ac3920152c0e08189a8c99bb9721bab08c130fb18667d611c61dc959a6b6
120725172044	GALXONE	spacesuit	warning	e8fa1f38fd8acf071ce813bdfe95f676ff43d1de526029e6b8186be8485387f7
120725172043	GALXONE	satellite	killed	7c56fc715310849c425a715ef9adf1f8ef22edc51b1d780b6b34fad6a1a70893
120725172044	ORBONE	spacesuit	excellent	df016851f9ecaac454945c658576b9a0d44dabf0e46e161fc980a3d62db94c93
120725172044	ORBONE	satellite	excellent	f2b87120790293376d13c72c154af176a5db87a8fbe4fef42c04d855434194f6
120725172043	ORBONE	vehicle	killed	0d2bfe2ea5c135b6987c5c953cbc6ee092536cacc775b49581de1b24909b9e29
120725172044	ORBONE	vehicle	excellent	5f488dc451e82d6e34876fb55734f9c1ebaab9556384f768c329a43158745a8b
120725172044	ORBONE	vehicle	killed	4023f659ebaf9de359b09d3bb7b1c02467e64f1d79e45b3affe649897ee810e8
120725172044	ORBONE	spacesuit	faulty	e0ea05c24d519f9179e5750c4e8a1f786fe10f002b6a82f6ba0ee6da6609d55f
120725172043	ORBONE	spacesuit	killed	2d5ff53efcac9fee86d814efeb006c146b15812510663e6a263e5a090328b187
120725172044	ORBONE	satellite	unknown	5d94ba1e8a6cd0c91ce00a20c405c5992b3f28d7ba5e01aeb1acc71552513c5c
120725172044	ORBONE	satellite	faulty	685758bc76402b6cc6433337537141643176145b4703ba0fe606a50ccd783235
120725172044	ORBONE	vehicle	good	6bedbb4414573554c14f16332fb0a79d0069f8ad169a45550d6c05259d30eea6
120725172044	ORBONE	ship	good	551938088b8c634f0b93fcb5ffa43157e52c538d3ea295b0a2791687234acc39
120725172044	ORBONE	satellite	good	ec46c6353eb9b6b16975f3823db98d222c116c6fbd6b90c67b0123c409888e10
120725172044	ORBONE	spacesuit	killed	a413f4439168cd5585f2a5c10e3573ec4068564e6bb51d6797d21466d02ea116
120725172044	ORBONE	spacesuit	good	dd5216a229e082538008dbae9eed92dce377b1ab74073a2eab99d7031fcef7a4
120725172044	ORBONE	satellite	warning	5a07479c76e0b24a940e25c1fe271e103485dd457f5ad1d7e602bbba7d0bfbfe
120725172044	ORBONE	vehicle	killed	4023f659ebaf9de359b09d3bb7b1c02467e64f1d79e45b3affe649897ee810e8
120725172044	TMRS	ship	good	50908058320b06d0ead48194b57877e870c2de45b74b55813a32fc36240aebfb
120725172044	TMRS	spacesuit	unknown	c2c3bb7dbef3b3875742b7f99d68b5ed0c487fd6dc7bbda2dc772be18447755b
120725172044	TMRS	ship	warning	406cccf0727764ae319683826ee7067e09373399efc8c19a1375825119242782
120725172043	TMRS	spacesuit	good	599420913d6f8cc2326de523bb0c8aa38ef6738a722749112b71a0a6dd5c696f
120725172044	TMRS	ship	good	50908058320b06d0ead48194b57877e870c2de45b74b55813a32fc36240aebfb
120725172043	TMRS	spacesuit	good	599420913d6f8cc2326de523bb0c8aa38ef6738a722749112b71a0a6dd5c696f
120725172044	TMRS	ship	warning	406cccf0727764ae319683826ee7067e09373399efc8c19a1375825119242782
120725172044	TMRS	ship	faulty	6ebbe896586bb188be25da937f66e21a544a35f0acb3f7ba14809b89ba059e23
120725172044	TMRS	satellite	unknown	ac34437f10bb8e68725dda807344fe81ebba7066aa720ad5422980742296eb6a
120725172044	TMRS	spacesuit	killed	d45594ed44edde1244368f31aad5cd72ae6b4d5b7fe863c811a2f52b6648c791
120725172044	TMRS	spacesuit	excellent	3a54ee72ad193745f888bdc20af4673189b9843a3ab88bde6f60a8e8e335af3a
120725172044	TMRS	vehicle	faulty	b01bbeebf28ee6f222ce77fa395e4d906c341add83da16dd22060002b3f0beba
120725172044	TMRS	vehicle	killed	304e02c84064429f34ee268eda7fd31079eaf676a49be186484736a81169cc6a
120725172044	TMRS	ship	faulty	6ebbe896586bb188be25da937f66e21a544a35f0acb3f7ba14809b89ba059e23
120725172044	TMRS	satellite	good	e2e4d9d00d1d4213db6710fa61119fe68d47669a5747c809d2a7b2d3f8c608e0
120725172043	TMRS	spacesuit	good	599420913d6f8cc2326de523bb0c8aa38ef6738a722749112b71a0a6dd5c696f
120725172043	TMRS	vehicle	good	e6924ebb2ac65fed6174bd08df2bddccaea38c5be64a961e614458462113e959
120725172044	UNKN	unknown	unknown	unknown
120725172043	UNKN	unknown	unknown	unknown
120725172044	UNKN	unknown	unknown	unknown
120725172044	UNKN	unknown	unknown	unknown
120725172044	UNKN	unknown	unknown	unknown
120725172044	UNKN	unknown	unknown	unknown
120725172044	UNKN	unknown	unknown	unknown
120725172044	UNKN	unknown	unknown	unknown
120725172044	UNKN	unknown	unknown	unknown
120725172044	UNKN	unknown	unknown	unknown
120725172044	UNKN	unknown	unknown	unknown
120725172044	UNKN	unknown	unknown	unknown
120725172043	UNKN	unknown	unknown	unknown
120725172043	UNKN	unknown	unknown	unknown
120725172044	UNKN	unknown	unknown	unknown
120725172044	UNKN	unknown	unknown	unknown
120725172107	CLNM	spacesuit	unknown	492d84d04473a452ab9d6552fea6c7c7e8391e277994b455b04bfaea211437d5
120725172107	CLNM	spacesuit	good	456c42cc4aa896a224deafa4f93b38ca83e9cdf1fe63427b016c1213bf793968
120725172106	CLNM	vehicle	faulty	d95d899780abba71d65c9747b64fe7afaff66713b5597f6de05d651025fd25b1
120725172107	CLNM	vehicle	killed	930944e8285bdcdb9eaa774379cf4a21c395a5f5882549123192ae12cdf6d569
120725172107	CLNM	satellite	excellent	a4fc3e9010b290dd7ef9129e0cebb36672cbe708411f535fed4157aa3792b5ce
120725172107	CLNM	satellite	good	fb08e78888ba804903fe5be0f0758ce950cddc7d2c6391a9327131277207b9f8
120725172107	CLNM	vehicle	excellent	c3ac8de463314a21d1c3eb0a98b48d2c8939131286f23e1ab53c8f9c6ec8947e
120725172107	GALXONE	ship	excellent	c0d629f99b1eb657a354972e18f3e9bd0324188e1a29fc946aaaf8d23e28af90
120725172107	GALXONE	spacesuit	warning	a81b599b439d20005041268cc1b180f49379fbf379e5293cf8a15e28aa045f3b
120725172107	GALXONE	vehicle	faulty	50738d9fa7421cf6e93630f74dcc0527d2c6e95708de5b9c945051e3e727e786
120725172107	GALXONE	satellite	killed	61a0a88512e05f914af15145965b21ed51d4979e018c4fc3e39912d625cce828
120725172107	GALXONE	vehicle	killed	5758982c0ccfe3a037b935d40916d8ef3fffd7422adfa548a1d676868e7e8372
120725172106	GALXONE	ship	killed	72c45079d043b55101f44bef018d87ccd5d9ddf1b761078ff2b1c33b9dc38544
120725172106	GALXONE	spacesuit	good	da0208b24d2ea11a575bd70bef5fb578ba6dcb5b1d1d3910fc6b483d5447df6b
120725172107	GALXONE	spacesuit	faulty	ecc90c2bee0026a27c7eeefa0942670cf71a298e40bbc1c2e5ae592562031154
120725172107	GALXONE	spacesuit	killed	1eceaa32d46f4c912dc26f34f4496d6fde69aee6573e01b1d590f301ddacd0c9
120725172107	GALXONE	vehicle	warning	19dbce5ca1d1505f2725cdc5ed10df5af8f6957f17b3d669736a8dfefc5937dc
120725172107	GALXONE	ship	excellent	c0d629f99b1eb657a354972e18f3e9bd0324188e1a29fc946aaaf8d23e28af90
120725172107	GALXONE	ship	faulty	398f5af44af13ab2fd8bfba1cb04def515113211714971918c173d4d79b55b86
120725172107	ORBONE	spacesuit	faulty	b09d0c97bf077e505786d8e6c92c840002b1cb0d3b1c8d3b0b30df890f52ca93
120725172107	ORBONE	vehicle	good	ca8cd565c21d4253bf894379bff75451f23205b18131bcc611a1e3b5e4b36c2c
120725172106	ORBONE	satellite	warning	285758d36782aab79b8f27102a877961125aea34ec104c514eee1cb78f5d1d7c
120725172107	ORBONE	vehicle	warning	77a47e20b417c359f4e101c8d6981e5bed9fa0f4a60e2ae8c6af0f29a0285f00
120725172106	ORBONE	ship	killed	ca199a5f1d513eac387dca5f3440dd8ebb9fc45bc983e79f36a93415ec6430dd
120725172107	ORBONE	ship	warning	122cc6ef68e7de44e187e4e2218320a1525388e3799a0f9caaa8925537fbb75f
120725172107	ORBONE	ship	warning	122cc6ef68e7de44e187e4e2218320a1525388e3799a0f9caaa8925537fbb75f
120725172107	ORBONE	spacesuit	killed	2fe5cc19552cd77189d60dfe63032f13323ab747af789481375485eab3242e6c
120725172106	ORBONE	spacesuit	good	edbbecb6ce020375e3de17ffb89554999fa6b0f8d8af5364504604460670e0ae
120725172107	ORBONE	spacesuit	faulty	b09d0c97bf077e505786d8e6c92c840002b1cb0d3b1c8d3b0b30df890f52ca93
120725172106	ORBONE	ship	unknown	7e9123037870b054eecbf0113ec332cc33d6603f497f739e34e9741158ae0c94
120725172107	ORBONE	spacesuit	warning	c91e0574d5efea879d38591313871a48c0bfb5ebbca47a35a94740512fa27a35
120725172107	ORBONE	ship	warning	122cc6ef68e7de44e187e4e2218320a1525388e3799a0f9caaa8925537fbb75f
120725172107	TMRS	spacesuit	faulty	1394b710d0b7ed68227368cef046b783cf459a0e8b2d083abb95c22d83f0f31c
120725172107	TMRS	satellite	good	205d26a244f9bde4d9ea13a2b48e454e963aa84d631b3b670db91c9912a007e5
120725172106	TMRS	satellite	killed	96f94338e0f6265d6fcc688a21fd76442bf5002156e8a598f95dcdb5d4642a6b
120725172106	TMRS	ship	warning	fc8e246aecbb5b302634be09b2143f0720d532ad9699ae1b4bbd4e2df536e888
120725172107	TMRS	vehicle	unknown	58789899fcce0eaa11be75eb853e0999385860426dbdef10246355fcef6450b3
120725172107	TMRS	vehicle	warning	05fe4682af0634e921231b26b41d3d95a23816e78e86c316d266cc20fbf3058c
120725172107	TMRS	ship	good	22d8acaae96cc35f096a8f38ffd3792a27ddb7587a72bb3a747c051410938412
120725172107	TMRS	satellite	good	205d26a244f9bde4d9ea13a2b48e454e963aa84d631b3b670db91c9912a007e5
120725172107	TMRS	vehicle	faulty	d7f56061095092860cb45d5bf1903d765534e4e3c29eed39a52cf608b55527db
120725172106	TMRS	vehicle	unknown	a6f7f75f0dab060929e3076ee57e7adc4cf47074e5b43ed45c8ddfcb067773f2
120725172107	TMRS	ship	faulty	94bb49ba8b447d39de5280d571dab5890601af36280c4545e5d8dd7c6f3a86fa
120725172107	TMRS	ship	killed	814f41398003b046790ded38aecd394347b9266256fdad74bf24a813b4169136
120725172107	UNKN	unknown	unknown	unknown
120725172107	UNKN	unknown	unknown	unknown
120725172107	UNKN	unknown	unknown	unknown
120725172107	UNKN	unknown	unknown	unknown
120725172107	UNKN	unknown	unknown	unknown
120725172107	UNKN	unknown	unknown	unknown
120725172107	UNKN	unknown	unknown	unknown
120725172107	UNKN	unknown	unknown	unknown
120725172107	UNKN	unknown	unknown	unknown
