===== REPORTE GENERAL - 120725172108 =====

--- Análisis de eventos por estado, misión y dispositivo ---
69	UNKN	unknown	unknown
7	TMRS	spacesuit	good
6	TMRS	ship	good
5	TMRS	satellite	faulty
5	ORBONE	ship	killed
5	ORBONE	satellite	killed
5	GALXONE	satellite	unknown
5	CLNM	vehicle	killed
5	CLNM	vehicle	faulty
4	TMRS	vehicle	good
4	TMRS	vehicle	faulty
4	TMRS	ship	faulty
4	ORBONE	vehicle	killed
4	ORBONE	vehicle	good
4	ORBONE	vehicle	excellent
4	ORBONE	spacesuit	warning
4	ORBONE	spacesuit	killed
4	ORBONE	spacesuit	good
4	ORBONE	spacesuit	excellent
4	ORBONE	ship	warning
4	ORBONE	satellite	unknown
4	ORBONE	satellite	faulty
4	GALXONE	vehicle	warning
4	GALXONE	spacesuit	warning
4	GALXONE	spacesuit	good
4	GALXONE	spacesuit	faulty
4	GALXONE	ship	killed
4	GALXONE	satellite	excellent
4	CLNM	vehicle	good
4	CLNM	spacesuit	unknown
4	CLNM	ship	excellent
4	CLNM	satellite	killed
4	CLNM	satellite	good
4	CLNM	satellite	faulty
3	TMRS	vehicle	unknown
3	TMRS	spacesuit	faulty
3	TMRS	ship	warning
3	TMRS	ship	unknown
3	TMRS	ship	excellent
3	TMRS	satellite	good
3	ORBONE	spacesuit	faulty
3	ORBONE	ship	unknown
3	ORBONE	ship	good
3	ORBONE	satellite	warning
3	ORBONE	satellite	excellent
3	GALXONE	vehicle	good
3	GALXONE	vehicle	excellent
3	GALXONE	spacesuit	unknown
3	GALXONE	ship	excellent
3	GALXONE	satellite	warning
3	GALXONE	satellite	killed
3	CLNM	vehicle	excellent
3	CLNM	spacesuit	killed
3	CLNM	ship	good
3	CLNM	satellite	excellent
2	TMRS	spacesuit	excellent
2	TMRS	satellite	warning
2	TMRS	satellite	killed
2	ORBONE	vehicle	warning
2	ORBONE	vehicle	unknown
2	ORBONE	satellite	good
2	GALXONE	vehicle	faulty
2	GALXONE	spacesuit	killed
2	GALXONE	ship	warning
2	GALXONE	ship	good
2	GALXONE	ship	faulty
2	GALXONE	satellite	good
2	CLNM	spacesuit	good
2	CLNM	spacesuit	excellent
2	CLNM	ship	warning
2	CLNM	ship	unknown
2	CLNM	ship	killed
2	CLNM	ship	faulty
2	CLNM	satellite	warning
2	CLNM	satellite	unknown
1	TMRS	vehicle	warning
1	TMRS	vehicle	killed
1	TMRS	spacesuit	warning
1	TMRS	spacesuit	unknown
1	TMRS	spacesuit	killed
1	TMRS	ship	killed
1	TMRS	satellite	unknown
1	ORBONE	spacesuit	unknown
1	ORBONE	ship	faulty
1	ORBONE	ship	excellent
1	GALXONE	vehicle	unknown
1	GALXONE	vehicle	killed
1	GALXONE	ship	unknown
1	GALXONE	satellite	faulty
1	CLNM	vehicle	warning
1	CLNM	vehicle	unknown

--- Dispositivos con más desconexiones (estado: unknown) por misión ---
69	UNKN	unknown
5	GALXONE	satellite
4	ORBONE	satellite
4	CLNM	spacesuit
3	TMRS	vehicle
3	TMRS	ship
3	ORBONE	ship
3	GALXONE	spacesuit
2	ORBONE	vehicle
2	CLNM	ship
2	CLNM	satellite
1	TMRS	spacesuit
1	TMRS	satellite
1	ORBONE	spacesuit
1	GALXONE	vehicle
1	GALXONE	ship
1	CLNM	vehicle

--- Dispositivos inoperables por misión (estado: faulty) ---
5	TMRS	satellite
5	CLNM	vehicle
4	TMRS	vehicle
4	TMRS	ship
4	ORBONE	satellite
4	GALXONE	spacesuit
4	CLNM	satellite
3	TMRS	spacesuit
3	ORBONE	spacesuit
2	GALXONE	vehicle
2	GALXONE	ship
2	CLNM	ship
1	ORBONE	ship
1	GALXONE	satellite

--- Porcentaje de registros por misión ---
ORBONE	22,36%
UNKN	20,85%
CLNM	19,34%
GALXONE	19,03%
TMRS	18,43%

--- Porcentaje de registros por tipo de dispositivo ---
satellite	21,45%
unknown	20,85%
ship	19,94%
spacesuit	19,03%
vehicle	18,73%

