===== REPORTE GENERAL - 280725172902 =====

--- Análisis de eventos por estado, misión y dispositivo ---
550	UNKN	unknown	unknown
58	CLNM	ship	unknown
52	GALXONE	satellite	killed
52	GALXONE	ship	excellent
50	ORBONE	satellite	warning
50	TMRS	ship	killed
48	TMRS	spacesuit	excellent
47	ORBONE	spacesuit	warning
46	GALXONE	vehicle	faulty
45	CLNM	spacesuit	unknown
44	ORBONE	satellite	unknown
43	GALXONE	ship	unknown
42	TMRS	ship	excellent
41	ORBONE	spacesuit	good
40	ORBONE	vehicle	excellent
39	ORBONE	satellite	faulty
39	TMRS	vehicle	killed
38	GALXONE	vehicle	killed
38	ORBONE	spacesuit	excellent
36	CLNM	spacesuit	killed
35	CLNM	ship	good
35	ORBONE	vehicle	warning
35	TMRS	ship	faulty
35	TMRS	ship	unknown
34	CLNM	satellite	killed
33	ORBONE	ship	excellent
33	TMRS	vehicle	excellent
32	ORBONE	vehicle	unknown
32	TMRS	satellite	unknown
31	ORBONE	spacesuit	faulty
31	ORBONE	vehicle	faulty
31	TMRS	ship	warning
30	CLNM	satellite	warning
30	TMRS	spacesuit	warning
29	ORBONE	spacesuit	killed
28	ORBONE	ship	unknown
27	GALXONE	spacesuit	killed
27	TMRS	vehicle	faulty
26	CLNM	spacesuit	excellent
26	CLNM	spacesuit	faulty
25	CLNM	satellite	faulty
25	CLNM	vehicle	excellent
25	GALXONE	satellite	excellent
25	GALXONE	spacesuit	warning
25	ORBONE	ship	warning
25	TMRS	satellite	excellent
25	TMRS	spacesuit	killed
25	TMRS	spacesuit	unknown
24	CLNM	ship	faulty
24	TMRS	satellite	killed
23	CLNM	vehicle	good
23	GALXONE	spacesuit	excellent
23	TMRS	satellite	faulty
22	CLNM	vehicle	unknown
22	TMRS	ship	good
21	CLNM	satellite	good
21	GALXONE	vehicle	excellent
20	GALXONE	spacesuit	unknown
20	ORBONE	vehicle	killed
19	CLNM	vehicle	killed
18	ORBONE	satellite	killed
18	ORBONE	ship	killed
17	CLNM	satellite	excellent
17	GALXONE	satellite	warning
17	GALXONE	vehicle	good
17	ORBONE	satellite	good
17	ORBONE	ship	good
17	TMRS	spacesuit	faulty
17	TMRS	spacesuit	good
17	TMRS	vehicle	good
16	GALXONE	satellite	good
15	CLNM	spacesuit	warning
15	CLNM	vehicle	warning
15	GALXONE	satellite	unknown
15	GALXONE	vehicle	warning
13	CLNM	ship	excellent
13	CLNM	ship	warning
12	ORBONE	ship	faulty
11	TMRS	vehicle	warning
10	GALXONE	satellite	faulty
10	ORBONE	satellite	excellent
10	mission	device_type	device_status
9	CLNM	spacesuit	good
9	GALXONE	ship	killed
9	GALXONE	spacesuit	good
7	CLNM	ship	killed
7	CLNM	vehicle	faulty
7	TMRS	vehicle	unknown
6	GALXONE	ship	faulty
4	CLNM	satellite	unknown
4	GALXONE	spacesuit	faulty
3	GALXONE	ship	warning
3	TMRS	satellite	warning
2	TMRS	satellite	good
1	ORBONE	spacesuit	unknown

--- Dispositivos con más desconexiones (estado: unknown) por misión ---
550|UNKN|unknown
58|CLNM|ship
45|CLNM|spacesuit
44|ORBONE|satellite
43|GALXONE|ship
35|TMRS|ship
32|ORBONE|vehicle
32|TMRS|satellite
28|ORBONE|ship
25|TMRS|spacesuit
22|CLNM|vehicle
20|GALXONE|spacesuit
15|GALXONE|satellite
7|TMRS|vehicle
4|CLNM|satellite
1|ORBONE|spacesuit

--- Dispositivos inoperables por misión (estado: faulty) ---
46|GALXONE|vehicle
39|ORBONE|satellite
35|TMRS|ship
31|ORBONE|spacesuit
31|ORBONE|vehicle
27|TMRS|vehicle
26|CLNM|spacesuit
25|CLNM|satellite
24|CLNM|ship
23|TMRS|satellite
17|TMRS|spacesuit
12|ORBONE|ship
10|GALXONE|satellite
7|CLNM|vehicle
6|GALXONE|ship
4|GALXONE|spacesuit

--- Porcentaje de registros por misión ---
22.79%|ORBONE
21.54%|TMRS
19.11%|UNKN
19.08%|CLNM
17.13%|GALXONE
0.35%|mission

--- Porcentaje de registros por tipo de dispositivo ---
21.33%|spacesuit
21.23%|ship
19.21%|satellite
19.11%|unknown
18.76%|vehicle
0.35%|device_type

