date;mission;device_type;device_status;hash
280725171901;CLNM;vehicle;good;34ba08f24eb7f9f3a14f7334f619dc9791c8956b81104dfec33a29f90f946fdc
280725171901;CLNM;spacesuit;unknown;47c1d8ba4832a6f494f7c1fdcd8ec84ce5f3d6be18e02c12780068e0258878eb
280725171901;CLNM;spacesuit;faulty;cf9cfbbe6cf596a9613a6616a91970a4ab7e0f9ec9139518dfda83b7b9d0909f
280725171901;CLNM;satellite;good;9f9fdd6b3835e5b15d05bb54b7db485095a29684004e8f8c9e7df2b64980119e
280725171902;CLNM;satellite;killed;7b73fa2c43079282ef0194e39891d8d7aa6891a8e6765f45a6dc33b29ac904b1
280725171901;CLNM;spacesuit;unknown;47c1d8ba4832a6f494f7c1fdcd8ec84ce5f3d6be18e02c12780068e0258878eb
280725171901;GALXONE;satellite;excellent;7ee3acbedc1f7cbc590b0b88f15d1465f6c31d005db336391e64fe5c7f794f47
280725171901;GALXONE;spacesuit;killed;035c3515b1f924ec386a21b6f862c8ea2c82c3ca61a5cf567a076550e94006a6
280725171902;GALXONE;spacesuit;excellent;994a8b35ce46a19296ab2d5b3e55031a46f15e8ccc96994ab821d3f93dcae3ef
280725171901;ORBONE;vehicle;excellent;2fa74fe7279c76fa0f05f8d17f67bb6529b355610a93fb070f86c1cecbf5ba80
280725171901;ORBONE;vehicle;excellent;2fa74fe7279c76fa0f05f8d17f67bb6529b355610a93fb070f86c1cecbf5ba80
280725171901;TMRS;vehicle;excellent;46ada5998f9cd1625ebf7d381b0d06f529a59fb6beafc59050142c14bf638ff6
280725171902;TMRS;spacesuit;excellent;d88e5ec6e561bff12656fc115f5a793653e8fde8af02bff6ac228402561a7c28
280725171902;TMRS;vehicle;warning;986d90be8ec08274a8d682e8e63e48db0d3d9fd332d9b00a2a9b790d759d1a95
280725171901;TMRS;ship;killed;d26c4c63d11783c37161a07e2a71664232922047e4b36e9c62bdb7afe63fa520
280725171901;TMRS;ship;unknown;cc1eadf2417fac0edfb10decada78bf5d2494c45d1c94f5982ff1d162dacdc79
280725171901;UNKN;unknown;unknown;unknown
280725171902;UNKN;unknown;unknown;unknown
280725171901;UNKN;unknown;unknown;unknown
280725171902;UNKN;unknown;unknown;unknown
280725172002;CLNM;satellite;faulty;a7595c339aac485c21767f8359c9256cb980bb6c318c63a36c994d1fa3b9e808
280725172002;CLNM;ship;unknown;6216f2e2576d912fa8ddc84c2b2ecf4ee05aa8ff70666f6059c714a8dead7032
280725172002;CLNM;ship;unknown;6216f2e2576d912fa8ddc84c2b2ecf4ee05aa8ff70666f6059c714a8dead7032
280725172001;CLNM;vehicle;unknown;62d3032d5d002708fff7ec1e329067237efa3e5ce637bcf10016f42f556f9b46
280725172002;CLNM;ship;warning;c0f5154bd9f7eedc8ae7f4d902983524e209848c93833dc8dce1948703c8f989
280725172002;CLNM;satellite;good;d12e88d07248b312b2ceebe0fc4b2301773c2d91bf78e3b138986acd21ce21fc
280725172002;CLNM;vehicle;excellent;a61dbe4c9d86356da305acf9873aa9e238b815b1a3ecc4448464c86ebab2aae7
280725172002;CLNM;ship;good;a4058a7cc6bebdc1b046da4a891d2693855ac77e0f44b881cead566d0783763a
280725172002;GALXONE;ship;unknown;0ad9865fe8b7de5db8ef7bf3b255c89f5e8983e8748ba31f97185159aebb8698
280725172002;GALXONE;satellite;killed;250d2a52ded1c76f8f65dd29872e171133b289bc1a4a4f9d71f6998ab2e32bb8
280725172002;GALXONE;ship;excellent;07d13e00cae6d500abe0b8b45143a3ab71b869d17397858b863d3c562b670bd2
280725172002;GALXONE;satellite;good;4967d1b11e3b1f4969a5f208c99a4cd35bf4c5259df34cbab2374bf2847fa39f
280725172002;GALXONE;ship;unknown;0ad9865fe8b7de5db8ef7bf3b255c89f5e8983e8748ba31f97185159aebb8698
280725172002;GALXONE;spacesuit;killed;fe6de7e1bd855bf442d5741ac383741d4ca571d404da75c3a630c18be1742b10
280725172001;GALXONE;ship;excellent;7e4813d45609600b0fb9657a0a7244140c90ae667ca0ad41c03cb8787b8ab621
280725172002;GALXONE;satellite;faulty;0c3ec1a9da8395789f87761464f31b3ac541b983935d9242dcf56bc7bf5df3a9
280725172002;ORBONE;vehicle;faulty;978740b34f63727c8c35963915aaa396441506433c783b98db239d742c8f403f
280725172001;ORBONE;satellite;faulty;78d3ae09f654b850fd341139e54557ddc45500bde65c39ea32987d525892c172
280725172002;ORBONE;vehicle;excellent;79e70e292feab0989e6fbb5e95396b7837f1b84431ebed871b27b85510617aa7
280725172001;ORBONE;satellite;unknown;967ceaa6a2f3b5e1692a51ab8483d8ad227968c4e984ae5379f9898060e19352
280725172002;ORBONE;spacesuit;warning;ca830fa964da567a04a50bcb6c810400ccf70d8cb1b7ce92423730a60c26532e
280725172002;ORBONE;ship;faulty;5ad7f774d83262b2c901eaedf0e8cc1c40f1fd9e1f5770bd682f2f494166c085
280725172002;ORBONE;satellite;warning;6f4ce6371ca03a52d010f050497ec44d23e6c0c4a4a7443b1db1b7ce4310f959
280725172002;ORBONE;vehicle;warning;005646995f33d4d5c34a9aa2e8ad83fa8c762b0dcc9ab777631a5b798d41b6b5
280725172002;ORBONE;satellite;unknown;a7ce2b0c7521d1dc7fa4ef75249221916e6ef90e8495ecbf2d684718218ce3f4
280725172002;ORBONE;ship;killed;0695df1bb16e8b6020d8c95901dca919041766dce1e250c63d9cb4fe3d078d3c
280725172002;ORBONE;satellite;excellent;dcce2935cd4d2cef7063e8a0bb017004d5dd941b98beb4083ba094e8097b659f
280725172002;TMRS;vehicle;good;b152c5919a82d41fefd3781d9c5497b711e7b87b1ce33ada51db227bb519557f
280725172002;TMRS;ship;excellent;209cc4eca6114cd2e9f8a5e469b3f8664458a4e3b6dab929dde9f8adca65059a
280725172002;TMRS;ship;good;74fe2a34f6f4732dee29881d7358100cca9efdfd7b52eca66178169d6edea088
280725172002;TMRS;vehicle;killed;c31adbd1cc320ecc09bb44d3ecb3641e2a4a24772a8a79ae7fb583391daa3cf5
280725172002;TMRS;ship;excellent;209cc4eca6114cd2e9f8a5e469b3f8664458a4e3b6dab929dde9f8adca65059a
280725172002;TMRS;spacesuit;warning;03f47b00a0def7085f5a138cbcc05523276febb3cc9bdedae5e1a32e25d17c6c
280725172002;TMRS;spacesuit;excellent;5f2d6b5eb63dc247aa1dad7a7ca5ba97d65d1dd3ef144d2736dd09065985c0c7
280725172002;TMRS;ship;killed;dc344b1cc72bb4fb7cceff39a434b7441fff1ea2135cae6accae3a1e5d1c6f13
280725172002;TMRS;vehicle;killed;c31adbd1cc320ecc09bb44d3ecb3641e2a4a24772a8a79ae7fb583391daa3cf5
280725172001;TMRS;ship;excellent;b9d09a3ea4232b3491429a7d91d84b9467b7179b23f67e273a351d7363690317
280725172002;TMRS;satellite;faulty;e09e5f56b8f8079b2b6509f784b9c0e3a5e408b2d9a3183f88f1ccd1a9156add
280725172002;TMRS;ship;warning;615a16e48dad1006d55af86f837212be3a7ed152b57959ee9b0066e59aa7fad7
280725172001;TMRS;vehicle;faulty;51a2894eb086dabd7391c8e5f9db84cc381b56ac3a228a97c53772b3f5057b11
280725172002;UNKN;unknown;unknown;unknown
280725172002;UNKN;unknown;unknown;unknown
280725172002;UNKN;unknown;unknown;unknown
280725172001;UNKN;unknown;unknown;unknown
280725172102;CLNM;spacesuit;excellent;475e881e5b9e85f1c532902ef873c8695e7764ea2dda35668ec8017fc51b497c
280725172102;CLNM;spacesuit;good;f514f0d55706ad07e8dc8905c6a7a333bc7bd27aea39a8e2bd38075c57a19c4b
280725172102;CLNM;vehicle;killed;3612918164eda770216d247a7c43eb20b2d7aaef75eb767a5ccbaf9d7eb30b6e
280725172102;CLNM;spacesuit;killed;01b3d18aab6be5f3bafa67b705ee848907b560831ec8108d9bec93d4f82a23c4
280725172102;CLNM;ship;faulty;8d755c86f2cad119e2b8329f2675115c7875b5e262b00924c2a61d239f2077e9
280725172101;CLNM;spacesuit;warning;1fbe7de44e7a9e202059d1bda7741358dd9bc64204755cc06fc64a115a4506cf
280725172102;CLNM;vehicle;killed;3612918164eda770216d247a7c43eb20b2d7aaef75eb767a5ccbaf9d7eb30b6e
280725172102;CLNM;vehicle;excellent;5fd8b9b9ca0c24a3620efc6d943bc2f20d83456b21a89b53d27c48e34d9c89ea
280725172102;CLNM;spacesuit;excellent;475e881e5b9e85f1c532902ef873c8695e7764ea2dda35668ec8017fc51b497c
280725172102;CLNM;spacesuit;killed;01b3d18aab6be5f3bafa67b705ee848907b560831ec8108d9bec93d4f82a23c4
280725172102;CLNM;satellite;faulty;1c71629b1afe363dd3d7becfee57ba48e2940b80e5a418faba8429868da14337
280725172102;CLNM;ship;unknown;6906a16fce1692bba5abb039152255759860eca8efb40d0e362b2740313a51ab
280725172102;CLNM;ship;unknown;6906a16fce1692bba5abb039152255759860eca8efb40d0e362b2740313a51ab
280725172102;CLNM;spacesuit;unknown;b37e0736491891bf5726d1a8a3b7551d0eef235077d9954d07a2dcde86fbcdb4
280725172101;GALXONE;vehicle;killed;832ced3881b5ddd5683111a345f446c04d0fb6f27b5848a19defe56b29f703b1
280725172101;GALXONE;vehicle;warning;b94a7fa20a8598115a1f355c200a1c3dffa7f12e6cfddcb0837777f4875b5361
280725172101;GALXONE;ship;unknown;cfa33e14d7d4b23bf647ae404a2971cef7e97df4ff06b2e208b149ca45858512
280725172102;GALXONE;vehicle;faulty;d70aab54c429ec6145bab3499780bed1dc5a62a7b18563e98df491d4229bcd3f
280725172102;GALXONE;vehicle;faulty;d70aab54c429ec6145bab3499780bed1dc5a62a7b18563e98df491d4229bcd3f
280725172102;GALXONE;vehicle;faulty;d70aab54c429ec6145bab3499780bed1dc5a62a7b18563e98df491d4229bcd3f
280725172102;GALXONE;spacesuit;unknown;e9d31fb0674be6c02f29da866e483e48add2ee9aa2ca42e500e620f20255f8db
280725172102;GALXONE;ship;excellent;e2dfdb3ce6e1dc49fafeaefe84e34bc253e9e2f78321a6529c6be884fda21001
280725172102;GALXONE;satellite;warning;31902d955159b360499834a2e86e7c3e79a11f012a649434568209065b801881
280725172102;GALXONE;satellite;killed;d9b4d2b8773967c9f3099e688dcb857ce9f4f08ce78cd6db76edc37c3e2b7edd
280725172102;GALXONE;spacesuit;good;6d48df95f5f636cdacd809d6e917ab3ec074a8689d37376296c641d343be3c2a
280725172102;GALXONE;vehicle;killed;563587e9e04e5b5c3b71e281beef3900f8740d0debb0a792b40d2fabc0c20886
280725172102;GALXONE;satellite;killed;d9b4d2b8773967c9f3099e688dcb857ce9f4f08ce78cd6db76edc37c3e2b7edd
280725172102;GALXONE;vehicle;faulty;d70aab54c429ec6145bab3499780bed1dc5a62a7b18563e98df491d4229bcd3f
280725172102;GALXONE;satellite;killed;d9b4d2b8773967c9f3099e688dcb857ce9f4f08ce78cd6db76edc37c3e2b7edd
280725172102;GALXONE;ship;excellent;e2dfdb3ce6e1dc49fafeaefe84e34bc253e9e2f78321a6529c6be884fda21001
280725172102;GALXONE;ship;killed;13304c53378150ae9dbe1cc835f4637f3ca4f2f08c483d704e5009f36422e8cc
280725172102;GALXONE;spacesuit;warning;3bc158f4d772ab42906850b55bc58438ef03d432f685c1fab3023d8d8c1b844a
280725172102;ORBONE;ship;excellent;3b01cd3cdd6e873b9f71253a32d05ebea5b3336560b0f92745e19de2e0cd7e4b
280725172101;ORBONE;spacesuit;excellent;5f3f4bebdd3a49405ab1e5344ff8d4ae8eef18f59063a2a3f100c958eb175cf7
280725172102;ORBONE;spacesuit;warning;19f87cc0578ee939ca40a44573643a76c18f853de65305d608474ecbbe0a4dbc
280725172102;ORBONE;satellite;unknown;4dea3d1d9d2f23f58e4e8d54ecfd8c43ed16a777937c4da33912b705f9df1e80
280725172102;ORBONE;vehicle;unknown;9a103dde970058e8a9aca0184a5da2c509ece3de691984ba32cc357f4177d689
280725172102;ORBONE;satellite;faulty;a183095f734d5468fb260fa7fdc9523f2976f5984415517fc53b82d921717a25
280725172102;ORBONE;ship;unknown;096d22142b7b2a20041293d6708ebeb6b5be3cf6f4cb836e29f44aaaff75f851
280725172102;ORBONE;ship;excellent;3b01cd3cdd6e873b9f71253a32d05ebea5b3336560b0f92745e19de2e0cd7e4b
280725172102;ORBONE;satellite;warning;3b8f4719e7d1a3aeb3f92949f588892d002a6037adb967abe397c30dfebb92ac
280725172102;ORBONE;spacesuit;good;83d5bc9f43573d6b890ccc0bab7a15f51aa489086b3332964a6291fcf38fcf5e
280725172102;ORBONE;ship;good;0adffd7886dfdaac94d55594898b62d8b8bac5f96fa8ea12b0575a3801b3a311
280725172102;ORBONE;satellite;killed;d2124c57219d96d1de107f40d1b4b3e3d6d350d010862484fe9a98e5b34362d9
280725172102;ORBONE;satellite;faulty;a183095f734d5468fb260fa7fdc9523f2976f5984415517fc53b82d921717a25
280725172102;ORBONE;spacesuit;excellent;1bdda98c76277289ff7dde7f3ab39f7b708e46d2b20cbe124b432d047a316e8c
280725172102;ORBONE;spacesuit;warning;19f87cc0578ee939ca40a44573643a76c18f853de65305d608474ecbbe0a4dbc
280725172102;ORBONE;spacesuit;killed;8bf32719500836b44c073fde33f7f214c4cbd0d824b6972144aa3740bad189cd
280725172102;ORBONE;satellite;killed;d2124c57219d96d1de107f40d1b4b3e3d6d350d010862484fe9a98e5b34362d9
280725172102;ORBONE;vehicle;unknown;9a103dde970058e8a9aca0184a5da2c509ece3de691984ba32cc357f4177d689
280725172102;ORBONE;spacesuit;faulty;fb8b94d1ef525cf414624579c1710c7c1955ffa83f805d80cdb92497efeaed18
280725172102;ORBONE;spacesuit;excellent;1bdda98c76277289ff7dde7f3ab39f7b708e46d2b20cbe124b432d047a316e8c
280725172102;ORBONE;ship;excellent;3b01cd3cdd6e873b9f71253a32d05ebea5b3336560b0f92745e19de2e0cd7e4b
280725172102;ORBONE;ship;warning;e1d40893bceeab4eb99ab8785ca50f3e713d795d5d496240f957d9ffb02fd6c7
280725172102;ORBONE;spacesuit;warning;19f87cc0578ee939ca40a44573643a76c18f853de65305d608474ecbbe0a4dbc
280725172102;ORBONE;spacesuit;good;83d5bc9f43573d6b890ccc0bab7a15f51aa489086b3332964a6291fcf38fcf5e
280725172102;ORBONE;satellite;good;e257109766be874b1b80902a7c6584836cea91eeff3472181f1c0129c85308e7
280725172102;ORBONE;spacesuit;faulty;fb8b94d1ef525cf414624579c1710c7c1955ffa83f805d80cdb92497efeaed18
280725172102;TMRS;satellite;unknown;088f521eeafcfe4272fbf4d5efde0ecadb11341bb80ccedce563125691572838
280725172102;TMRS;satellite;faulty;d5f207e77bda8ff6d02cbb18bbf432a2f5b9070409cc312d9a9073b735fd2b40
280725172102;TMRS;spacesuit;unknown;9d78f38b325b23b6b63644c6757d16e1af08594c2e0d7bfcdb6e68c0f57bbe2d
280725172102;TMRS;spacesuit;unknown;9d78f38b325b23b6b63644c6757d16e1af08594c2e0d7bfcdb6e68c0f57bbe2d
280725172102;TMRS;ship;faulty;838644f4050580c0194f5842a27f349577f1c5584976cb1b5f280a4ff9197783
280725172102;TMRS;ship;faulty;838644f4050580c0194f5842a27f349577f1c5584976cb1b5f280a4ff9197783
280725172102;TMRS;satellite;unknown;088f521eeafcfe4272fbf4d5efde0ecadb11341bb80ccedce563125691572838
280725172102;TMRS;ship;unknown;4572b33233d43ea65e380da60aac071119bfc43870f72a8defbe3a5e31c4a4f8
280725172102;TMRS;spacesuit;good;6a0156eb4083749907f50931ffc3f070e8f50b76ed068534abbf18cc9af20d34
280725172102;TMRS;spacesuit;faulty;0b7e12fa7d35a1b711246f142df352e11f832f4185239436c38753ee8cf9f584
280725172102;TMRS;ship;good;8f13ce0227036aa50a3a88bb5dc5dfe71fd24dfe583356d65e7cd56a3953022a
280725172102;TMRS;satellite;killed;1e2481aa0713d1c57ae49329661b3d8c9ea15fdce29fc7ac041e180c49aee206
280725172102;UNKN;unknown;unknown;unknown
280725172102;UNKN;unknown;unknown;unknown
280725172102;UNKN;unknown;unknown;unknown
280725172102;UNKN;unknown;unknown;unknown
280725172101;UNKN;unknown;unknown;unknown
280725172102;UNKN;unknown;unknown;unknown
280725172102;UNKN;unknown;unknown;unknown
280725172102;UNKN;unknown;unknown;unknown
280725172102;UNKN;unknown;unknown;unknown
280725172102;UNKN;unknown;unknown;unknown
280725172102;UNKN;unknown;unknown;unknown
280725172101;UNKN;unknown;unknown;unknown
280725172201;CLNM;spacesuit;excellent;2bde8d2f80a824181676e4d5c91126f63094d2b983923bf088c05ae2ada5b2cc
280725172201;CLNM;satellite;warning;83ebaff958a962a0402eab8f3455545f96af2aa4d83c42303c15fdd7b257d5e7
280725172201;CLNM;satellite;killed;a83206883adca81ef5b360faa5546af52dceb0f53fa7d8bd035b139db42f69fc
280725172201;CLNM;satellite;warning;83ebaff958a962a0402eab8f3455545f96af2aa4d83c42303c15fdd7b257d5e7
280725172201;CLNM;ship;faulty;8a1cfcbeba3b50a841c6859d61c416b4a1e91fb7ee1fb39a95fd35a1d9ef36fb
280725172201;CLNM;vehicle;warning;dd192d8def894e0cf650ea96cb647506187e73c226c3985e1bf50498f4dd30b6
280725172201;CLNM;ship;unknown;9f9e79287bda29563b8ccadc9cb6b00e9aa49b1f7cd0962385d6b2fbf0633140
280725172201;CLNM;spacesuit;faulty;9f8f7f9c7f5dbc016f839eb609f66f6f385181073b3823a1164a890a79e666fc
280725172201;GALXONE;vehicle;excellent;347f30d9843acfe001f935a205b341981198cc98ae67dda39dfd5930533c58e1
280725172201;GALXONE;vehicle;good;ecc1183e608dad8b78edab5073b723159100407cdf0ae2c6840d4078d74b0208
280725172201;GALXONE;satellite;excellent;97a6feead8962537e9fed63e2e3105e47f490e0d74ab6aab15c0de96a90aaa61
280725172201;ORBONE;satellite;warning;ab4054b861684d7ad069314231b6092bfc61dace34ee2e12bcc8abc85cb0fa05
280725172201;ORBONE;satellite;warning;ab4054b861684d7ad069314231b6092bfc61dace34ee2e12bcc8abc85cb0fa05
280725172201;ORBONE;satellite;good;0d456f022b937589ed277f269986c89a9f67dc64d99073c74910b13b77c17678
280725172201;ORBONE;spacesuit;good;f2ae9bad703a19815f3dcd9c2bdfb34f12924386ced598b06ce213e72ac5d6bd
280725172201;ORBONE;ship;good;5f533f12d969a19c364a7a98e88569372cd1950cf3e3d2966c458b7c1d323b38
280725172201;ORBONE;ship;unknown;53954105df7a8fad9724fc0dc54c75c01f2343c39cdd07f928b688f53efd0dcd
280725172201;ORBONE;satellite;faulty;cbc3607a5c22d1eb6964b3c038203235285411ee8fb07c4186798a4217f4122e
280725172201;ORBONE;vehicle;warning;bb9953b9e8f103ab2cd4c1e4a6a6c0defe8a13995f1f2b5cb7bfff2b59f5523d
280725172201;ORBONE;spacesuit;good;f2ae9bad703a19815f3dcd9c2bdfb34f12924386ced598b06ce213e72ac5d6bd
280725172201;ORBONE;satellite;warning;ab4054b861684d7ad069314231b6092bfc61dace34ee2e12bcc8abc85cb0fa05
280725172201;ORBONE;spacesuit;killed;aa262725d96f2fc43cf69927509efdb790f8f180d0fad5a3d5448ce81c946bd3
280725172201;ORBONE;spacesuit;excellent;efb0f272385d63b4bc96f7047beff9bb5b2873e67a4bc34d96494837fa1f131e
280725172201;TMRS;satellite;excellent;c68ae38a578a1b029677f9dbb713c7c474634d1072bd6a1ecfffff1c885f7c0f
280725172201;TMRS;vehicle;excellent;145d5eac69dbdecacdc4ac6e5a03b887fdaab15239f499f727a6b261d6477d5a
280725172201;TMRS;spacesuit;killed;124ce287fc7b6504f3a6fe0a97c4b36d48d8f343a162acf8ebd357ca30493f48
280725172201;TMRS;vehicle;killed;f6039a03486cf1faabd3136b3ec9ea51829a2909b4c68f6f77fc98df3cfa8581
280725172201;TMRS;satellite;killed;77abc02f999445c29184119cf4d756e9e3cf5d7dd318ad3ee8a8ba98dfac680c
280725172201;TMRS;ship;killed;6ade928d85791846348ae4403748bf325b03ad0f0b182a6b2ec967051b5ef61c
280725172201;TMRS;ship;unknown;cffe767067f93000b8a9a7d77facb59c68a12ad8362c46a96bfd8f28affa2e25
280725172201;TMRS;vehicle;excellent;145d5eac69dbdecacdc4ac6e5a03b887fdaab15239f499f727a6b261d6477d5a
280725172201;TMRS;vehicle;killed;f6039a03486cf1faabd3136b3ec9ea51829a2909b4c68f6f77fc98df3cfa8581
280725172201;UNKN;unknown;unknown;unknown
280725172201;UNKN;unknown;unknown;unknown
280725172201;UNKN;unknown;unknown;unknown
280725172201;UNKN;unknown;unknown;unknown
280725172201;UNKN;unknown;unknown;unknown
280725172201;UNKN;unknown;unknown;unknown
280725172201;UNKN;unknown;unknown;unknown
280725172201;UNKN;unknown;unknown;unknown
280725172201;UNKN;unknown;unknown;unknown
280725172201;UNKN;unknown;unknown;unknown
280725172302;CLNM;ship;unknown;ce9e87744ce4d9ce4d0e33d994b0a597160c3aa53cd429873cef1a60d959edeb
280725172302;CLNM;spacesuit;killed;cd36f318cf592e9f3033c5b7919a9e2c60d971b7a30ebae2f146513d019ceb60
280725172302;CLNM;spacesuit;unknown;e617208c8ea0641b947667d9ab68dc19d69d331e204165b5aa3a4ce1fabb4b72
280725172302;CLNM;ship;good;589aab6cea4d08bba5c07920345db36766f5621cf745858f8dc54bb270833fa8
280725172301;CLNM;ship;excellent;a128a5b8bab503285d7ca75ce80d79c9d8b66640f8f23715b82f5b1a47692297
280725172302;CLNM;ship;killed;1fddce3a143fbd448bc0d1cfbf9eecc76bd2895dd048cadfdfb602b4ef86af65
280725172302;CLNM;spacesuit;unknown;e617208c8ea0641b947667d9ab68dc19d69d331e204165b5aa3a4ce1fabb4b72
280725172302;CLNM;satellite;excellent;7d584174ab75ad9b0cf0a0b4b36cebce63ee650744e1dd92aaacb00eebca9c7d
280725172302;CLNM;satellite;excellent;7d584174ab75ad9b0cf0a0b4b36cebce63ee650744e1dd92aaacb00eebca9c7d
280725172302;CLNM;spacesuit;killed;cd36f318cf592e9f3033c5b7919a9e2c60d971b7a30ebae2f146513d019ceb60
280725172302;CLNM;ship;good;589aab6cea4d08bba5c07920345db36766f5621cf745858f8dc54bb270833fa8
280725172302;CLNM;ship;good;589aab6cea4d08bba5c07920345db36766f5621cf745858f8dc54bb270833fa8
280725172302;CLNM;vehicle;warning;b8bd3e87af38540bda7648734278332e591b318c556c53fa614079e0e9639e82
280725172301;CLNM;spacesuit;faulty;f29528b71e994462e6650d48e76382c0b56f79dfa909f96731843fda7862c549
280725172302;CLNM;satellite;warning;2d0830b96af04928a6db9c62815f9f7d35933369f1c325bd1632072d21506830
280725172301;CLNM;vehicle;faulty;c0bf550d43379e240c3eabf862303f462ccde6cab8dafc265168c513b307f046
280725172301;CLNM;satellite;warning;b282738ae780f0aa3a2520454468a87a13c5e595b80f1cc44fe3310ae12c9de1
280725172302;GALXONE;satellite;unknown;ef28214240c82508b05693502a0f627d67f23d93b30a2972e1b10c7e02d7209b
280725172302;GALXONE;vehicle;good;d72bbb829a1e682532f63c2aacd79989e2c0bb7583aaa741f09f975b6ed43850
280725172301;GALXONE;ship;excellent;f9ecfe0d06eca86fa78de9029c50ba88e16377d8f1c2303b3c8ac5104d26c42c
280725172301;GALXONE;ship;unknown;fb0338571a65073d68abfdb536abefa01a0ecd11cda3a102e4f70e47e7187813
280725172302;GALXONE;vehicle;excellent;55f60265e726e7531f03cba8119d63b4320b9c207d6264cf2afef56216c24c0e
280725172302;GALXONE;spacesuit;excellent;41be5ee0f51fc6cffef1a249e618259691fe89d2a3a79cc60fd9d91b73072b02
280725172302;GALXONE;spacesuit;warning;3792c31ff6712a52ba6b79ca50ae33fd52f341ee4da78a13e5518ad496c903b1
280725172302;GALXONE;ship;unknown;1631cb3e3b34c076483944ef1d147834d56710f47ba3b09184768611e7420c6b
280725172302;GALXONE;vehicle;killed;2815d47e901487579735ab5eb7f683b9fa4b5ef68cf8ff32ef09672a3b665881
280725172302;GALXONE;satellite;warning;57a9f4645a347e1ccf9a612d78a5a4c83ad02d8329a162870dabddb21396dcf6
280725172302;GALXONE;spacesuit;unknown;3150c0821e92145a71a801fbe8c6082d90b2903c06743df7c109cc08f33a0cc4
280725172301;GALXONE;ship;excellent;f9ecfe0d06eca86fa78de9029c50ba88e16377d8f1c2303b3c8ac5104d26c42c
280725172302;GALXONE;vehicle;faulty;895a83fa53f704998c7d31247ad545c681857b8d64c91ab481d53e0bfc44f22b
280725172302;ORBONE;vehicle;warning;dd899d36486eb5af845e297a31651ba06ca8f2246a0893421d963ad0f2befb25
280725172302;ORBONE;vehicle;unknown;58df63b28b2cbc60480c5d2dcde250e574bf07622f5212acd6b2e03d04108574
280725172302;ORBONE;vehicle;killed;b60ee76c8010847d1d13f3f9beae24288070b74467938bbe58b705210e6645df
280725172301;ORBONE;vehicle;faulty;6913ecc1c680a97ec4fe13afe4bc33babda914dabfeec0b5795774d76348273b
280725172302;ORBONE;spacesuit;good;f37d4ebaf5ebad455219e826591f8f2b09597e3c9ab48c3d095dcf8cb3859f90
280725172302;ORBONE;satellite;warning;96096e335d29ebde3d5fb7ed02498f1f12eeaf80b6681e416c8f0dff746ffeb3
280725172302;ORBONE;vehicle;faulty;cb59d7b992408b2c132f2d206a795085ef3e7ca2544d029214322b4b41e94a1a
280725172302;ORBONE;vehicle;unknown;58df63b28b2cbc60480c5d2dcde250e574bf07622f5212acd6b2e03d04108574
280725172302;ORBONE;satellite;unknown;e5a3d0eed8d314db5eaa4f9828ff8acf639cf9fd97529434b61d3def42631cad
280725172302;ORBONE;ship;unknown;fd9844bcc3c20450e04df58b96067d60eabc4e8af0c9a80014fdccfc44daa0d0
280725172302;ORBONE;spacesuit;faulty;f13371718301f323c7b307d95add046deb9009cd1c36b0a8031c7db7a97e2cc5
280725172302;ORBONE;vehicle;killed;b60ee76c8010847d1d13f3f9beae24288070b74467938bbe58b705210e6645df
280725172301;ORBONE;spacesuit;killed;6086416fcc8f06e52e9581dfc4060aa4ad9dedf83e58b94688b947d1762e7b89
280725172302;ORBONE;ship;warning;b2d1183c3b08e4829b56ae66f42563e1c32454287f5d2aa174187a702f3ca5ad
280725172302;ORBONE;vehicle;warning;dd899d36486eb5af845e297a31651ba06ca8f2246a0893421d963ad0f2befb25
280725172302;TMRS;spacesuit;warning;1ca87153ebc1f3d455ae2e79779a653ac800fcbcf2cdd1cf68e530d0cee74d20
280725172302;TMRS;spacesuit;killed;d392e2834fa9783bb2b2e954650e56c2ca0cada43b78fe8032f0812d2dd47c8a
280725172302;TMRS;spacesuit;warning;1ca87153ebc1f3d455ae2e79779a653ac800fcbcf2cdd1cf68e530d0cee74d20
280725172301;TMRS;ship;unknown;1c679540ac7ec81f3f97b36efdd7f6b394ce2d39093493028e2f16641ab8dc03
280725172302;TMRS;spacesuit;faulty;b1079211a92ecedc6794920ae992b096a24bb294bbeaacf8cedc858391cf88e6
280725172302;TMRS;ship;warning;2934b2a34fa4942b6c05e95178ef7284ed6b2e8aa8f4ad971d7de723274ea664
280725172302;TMRS;spacesuit;killed;d392e2834fa9783bb2b2e954650e56c2ca0cada43b78fe8032f0812d2dd47c8a
280725172302;TMRS;satellite;unknown;2a3b3b4ca1897a648a9e3f09251f8961ed3f601dc748ed77468b8339d5c3ca94
280725172302;TMRS;ship;faulty;241d8889020a97ed3f6267621664ca6d6aed51b91ffd984352ca36b782021203
280725172302;TMRS;ship;killed;e016276589be91a1f02b40db3e1f712b36a06c7d0eb9e612614fddcc874fc434
280725172302;TMRS;spacesuit;excellent;ecec4a79a519c4f400c9d2929d4077e84e3685372cc00f5f869360116e2f549d
280725172302;TMRS;ship;killed;e016276589be91a1f02b40db3e1f712b36a06c7d0eb9e612614fddcc874fc434
280725172302;TMRS;satellite;excellent;53dad78a9b96b9e2fdb2a8ad9d67ed043b62abd51aecc43c3e88bbe8a4a4362e
280725172301;TMRS;vehicle;unknown;7319d8e24b7733d08624d85657a8d48f81d63b6eda9448adea013d4929422b3a
280725172301;TMRS;spacesuit;excellent;1af9dc80dbabe036d5811db3eb734a2616700e2bf7b6c787cd94989502fb6680
280725172302;TMRS;ship;faulty;241d8889020a97ed3f6267621664ca6d6aed51b91ffd984352ca36b782021203
280725172302;TMRS;vehicle;good;cc39e584ecaf21701600eb0f0b73d34c327a80e39285bf4c96362355b7b2e2bf
280725172302;TMRS;ship;killed;e016276589be91a1f02b40db3e1f712b36a06c7d0eb9e612614fddcc874fc434
280725172302;TMRS;satellite;killed;9c455f5051d338442222b26d213b53dc9470f2d063b9fdbdb2a7bd7e584b60b9
280725172302;UNKN;unknown;unknown;unknown
280725172302;UNKN;unknown;unknown;unknown
280725172302;UNKN;unknown;unknown;unknown
280725172302;UNKN;unknown;unknown;unknown
280725172302;UNKN;unknown;unknown;unknown
280725172302;UNKN;unknown;unknown;unknown
280725172301;UNKN;unknown;unknown;unknown
280725172302;UNKN;unknown;unknown;unknown
280725172302;UNKN;unknown;unknown;unknown
280725172302;UNKN;unknown;unknown;unknown
280725172301;UNKN;unknown;unknown;unknown
280725172301;UNKN;unknown;unknown;unknown
280725172302;UNKN;unknown;unknown;unknown
280725172302;UNKN;unknown;unknown;unknown
280725172302;UNKN;unknown;unknown;unknown
280725172302;UNKN;unknown;unknown;unknown
280725172302;UNKN;unknown;unknown;unknown
280725172302;UNKN;unknown;unknown;unknown
280725172302;UNKN;unknown;unknown;unknown
280725172302;UNKN;unknown;unknown;unknown
280725172302;UNKN;unknown;unknown;unknown
280725172302;UNKN;unknown;unknown;unknown
280725172302;UNKN;unknown;unknown;unknown
280725172302;UNKN;unknown;unknown;unknown
280725172401;CLNM;satellite;killed;80cad8c0c0acd78fbbad7ac47c83cba64241eae6fb79d8ec6918642aac12f46d
280725172401;CLNM;vehicle;excellent;8ead75314c9c02b470fa354cd579125ed718524d9afb06fd2c5381b27540c332
280725172401;CLNM;ship;faulty;00d45c7c7290c677d3df04b2eeb4f5d22c892f6cda91482ac97efe033d4f93c7
280725172401;CLNM;spacesuit;warning;0d947d860726b99b927df17db41f6af3cd825eddbb1ef870f17ec4c6cd840d59
280725172401;CLNM;vehicle;good;abee6ee3bb2e31cbc15ffeb308a6e3b68c6c5af2f0996ca2b82ac4a57fad601a
280725172401;GALXONE;satellite;killed;eb7c4d36b5536f4ffd1903f086feff1c0b3ecaa24d4b41b09fd8e6ecd6106ff8
280725172401;GALXONE;satellite;excellent;a30e6fc3342332995e07b50546afd112aa8370341408d48d83bf9736fd6d0715
280725172401;GALXONE;satellite;unknown;714fe534e57daa9d19d33a564f3a0daf2ac80dd90a4cec5996a190cbc5c237f4
280725172401;ORBONE;spacesuit;warning;f36b262c7c0f0cbd7604dad0d1a8a21e81323ad386b3dabf2468c4f5fc5282e7
280725172401;TMRS;spacesuit;excellent;1b4f2abae97f55afb7ecfb4cc4a475ec7b7dda7f2588d3ef6628f9df1d5666ce
280725172401;UNKN;unknown;unknown;unknown
280725172401;UNKN;unknown;unknown;unknown
280725172401;UNKN;unknown;unknown;unknown
280725172401;UNKN;unknown;unknown;unknown
280725172401;UNKN;unknown;unknown;unknown
280725172401;UNKN;unknown;unknown;unknown
280725172501;CLNM;vehicle;unknown;e6ac5f2ba7a66259718f32b4492ae0169659af0f43198c2b78adbe1901d53096
280725172501;GALXONE;vehicle;killed;c390cd81497ae39ce4015ed6eb41d042b9374f4591eb8fdda8d98a5b9120e8d4
280725172501;GALXONE;spacesuit;excellent;dd71908310656d6e964b8df50aeb93e21d1c241345c4e6321f3d8d807fc66e6a
280725172501;ORBONE;ship;killed;814e5eac53bf071db3e2dea6bc18298df20fa3e50f40912ec0afcc8b59adc20e
280725172501;TMRS;ship;warning;663d2348846ad94dfdc1d2062af35ace6fa177907e288e73881d8e2a9158a3b7
280725172501;TMRS;vehicle;faulty;22b45abff569c555381aa4730bec4d30982638d4e5fdcf77d7b173d80a01f9d4
280725172601;CLNM;satellite;killed;f0e7b7be1b6a8ae240530088f44c75f605bb85215af0bc8cc2b84c4aea232083
280725172601;CLNM;satellite;unknown;7c77df0b0b38338cf9c47fcd4fa6a86c494193c20e9e78e977e4e8a7f07b770b
280725172601;CLNM;satellite;killed;f0e7b7be1b6a8ae240530088f44c75f605bb85215af0bc8cc2b84c4aea232083
280725172601;CLNM;vehicle;unknown;f496b3852c20b0c22110018412ed291d3dd4afee73abd59fd5bb157a3d5245ba
280725172601;ORBONE;ship;unknown;b87aa609431c1bed74ee4a8d40c0bbc6792a732a79b3f47b7b0303012d87533a
280725172601;ORBONE;satellite;unknown;1467ec69d91a3cd9beba9c5c756084c9c5434975a8f636b251ca5e845c12948d
280725172601;ORBONE;vehicle;faulty;6059de28d9558f40eaaaf66d66029b1e2fdecbb16ed5ae87a08a2b67d9b3992e
280725172601;ORBONE;spacesuit;killed;2d655d4438deb2fbc575e5b060b78ccb1198ea59f95aea84d757b77bc0935fda
280725172601;ORBONE;spacesuit;warning;76d68a2628f2ebc9dbe3fbfdb83c57e87384f065353b243546defe3989e04cd4
280725172601;TMRS;spacesuit;unknown;bb4a2022c6a2b5b1e0c8d354660079a71b905fd63d6a9abf682a4e754177eca3
280725172601;TMRS;ship;excellent;5f4fa4d9a8b4dd58aac4692d15c3ef431255d4e3b02a0f843fafbfec3d513899
280725172601;TMRS;ship;warning;f5712d9e551590054d0a4c67e8cdcde732f92ef6c15ffceb98892a92645b3bee
280725172601;TMRS;satellite;faulty;3f7ba5090d93e0674703fc6696f660b7e55eb3207cd8294df5b252f45eb0a42f
280725172601;TMRS;spacesuit;excellent;3507b3d393ade7b5e70610d91084ae612f81cab5b3f8c3d58c602dce258ebfdb
280725172601;TMRS;ship;excellent;5f4fa4d9a8b4dd58aac4692d15c3ef431255d4e3b02a0f843fafbfec3d513899
280725172601;TMRS;ship;excellent;5f4fa4d9a8b4dd58aac4692d15c3ef431255d4e3b02a0f843fafbfec3d513899
280725172601;TMRS;satellite;excellent;29c5c5eb445db6c56054295caf5f2a815d0f1b43ccef6dbae85900b1ff4efd5d
280725172601;UNKN;unknown;unknown;unknown
280725172601;UNKN;unknown;unknown;unknown
280725172601;UNKN;unknown;unknown;unknown
280725172601;UNKN;unknown;unknown;unknown
280725172601;UNKN;unknown;unknown;unknown
280725172601;UNKN;unknown;unknown;unknown
280725172601;UNKN;unknown;unknown;unknown
280725172701;CLNM;satellite;faulty;9257918064cb58697ab8095d6fcdb28d6fbfdb515721cee3ea0ed325361a684b
280725172702;CLNM;vehicle;unknown;dad4823be6033b3294832e9b05ec187fede6b764962b673476117213e79894b6
280725172701;CLNM;ship;warning;bb4e9f29a16b17a1a2d9cda90e176440c721816536b4902dd5531dedc9d50659
280725172702;CLNM;ship;excellent;d8ddfe5829b873ce71b386d963875785412138cb38573806d9d1cff5c09bff31
280725172701;CLNM;spacesuit;killed;372eeff73b4a7e2b68e83e2fc6dac51914a21cddf11a8c8eead7e57c26a1d930
280725172701;CLNM;ship;excellent;f1a2d518c73681ff9acc377fb94e9e66d3fd4e1260de286f876611e6c43f1cc4
280725172701;CLNM;ship;unknown;9c9adbfc6300dd6474005fed2e202ebe14e437ad2766b5b4c0380472b2f86dea
280725172701;CLNM;vehicle;good;e8ec110cee8f1b5b5eeb8a75dc20c530fb40e7d7ceff81a601fc02e34d400038
280725172701;CLNM;ship;good;6af056fc1af83f0efc4134741f63da07e2cc1d456b80aa71e8b9328c92c7d474
280725172701;CLNM;satellite;excellent;52c2083785b1c10429baa3526cd9d50bb9f8aafb5d5e376413d6ee86bc722273
280725172701;CLNM;vehicle;good;e8ec110cee8f1b5b5eeb8a75dc20c530fb40e7d7ceff81a601fc02e34d400038
280725172701;GALXONE;ship;warning;92001cb39baab4c046c5a45cbecd5122a3891a7e996c78e8551ec2b150ab353e
280725172701;GALXONE;spacesuit;unknown;2011324926e80c96c20165cc353c9f08cd7b55c88364f7d9d881b0c3dd8aac77
280725172701;GALXONE;ship;faulty;2358fd89fca6f2441e6324aab6b77db1afa19abad4219e19dd0c8bf279f1f9b9
280725172701;GALXONE;satellite;killed;fbcfb27bf1954ae0782718cc924951f192c4ffc1a53471d4932744f4dfc9f06f
280725172702;GALXONE;vehicle;excellent;5b07733eaf14a17d06f4cf194cdbe608ba4a0d4cf24f153f95164390498f61a7
280725172701;GALXONE;satellite;good;2ee39fffee7728a2ae847ad94af4e55854c480718df2469004358fd5301d01e6
280725172701;GALXONE;vehicle;killed;45527b37a6549b86e011db0c1153c2aecf4bdc573f1050bb6e9d40311fb46c28
280725172701;GALXONE;spacesuit;warning;08a6b0ab27faed494b652ce7f56eee64c7eba7db3e7fa9b0479975ba209a906f
280725172701;GALXONE;ship;faulty;2358fd89fca6f2441e6324aab6b77db1afa19abad4219e19dd0c8bf279f1f9b9
280725172702;GALXONE;spacesuit;warning;14802e2174511b5a74cea5c4756c157261eb80d87c38dd7fe6c6cc1fa9e4b9dd
280725172701;GALXONE;vehicle;warning;305f860ff95fa6853628995df17710af141ed9b53fe1a377cb1a70b8d57f8bec
280725172701;GALXONE;satellite;good;2ee39fffee7728a2ae847ad94af4e55854c480718df2469004358fd5301d01e6
280725172701;GALXONE;satellite;killed;fbcfb27bf1954ae0782718cc924951f192c4ffc1a53471d4932744f4dfc9f06f
280725172701;GALXONE;spacesuit;warning;08a6b0ab27faed494b652ce7f56eee64c7eba7db3e7fa9b0479975ba209a906f
280725172701;GALXONE;vehicle;warning;305f860ff95fa6853628995df17710af141ed9b53fe1a377cb1a70b8d57f8bec
280725172701;GALXONE;vehicle;killed;45527b37a6549b86e011db0c1153c2aecf4bdc573f1050bb6e9d40311fb46c28
280725172702;GALXONE;spacesuit;killed;0dca7b7ec7b11a74d6ad861e4f769a4e2abec2fb092f3b051961fd9b594f2e63
280725172702;GALXONE;spacesuit;killed;0dca7b7ec7b11a74d6ad861e4f769a4e2abec2fb092f3b051961fd9b594f2e63
280725172701;GALXONE;satellite;killed;fbcfb27bf1954ae0782718cc924951f192c4ffc1a53471d4932744f4dfc9f06f
280725172701;GALXONE;vehicle;excellent;d67a0d3a7b00409c4e72d6a7b48668046c3379566cd107e7a18e2cf0f3a4c6e6
280725172701;GALXONE;vehicle;faulty;aea83782194b29060dc521184a843c62742f1d452d0e1349051001a499d5f6ad
280725172701;GALXONE;spacesuit;faulty;f76e7ba812918025053a65892f992d0bee0cda06b29747ed0c2a529157f738df
280725172701;ORBONE;ship;excellent;c9066d9d1e693dd5692ff0ca7edd179568bf70fc6daef854db9e76352d725735
280725172701;ORBONE;vehicle;excellent;e5a96bd15c5046846b5091f148c73fe1fdc801db4eb646090e989b9cc6861a2e
280725172701;ORBONE;ship;warning;f220c90a3304b0e54659e37b68564ee41257493eb8f9c00b47f2eba251d4e3b0
280725172701;ORBONE;satellite;faulty;364c77063280a25c4157d8bb551fdf58a9c80a14160776119680d7f8bbe351ab
280725172702;ORBONE;vehicle;killed;caf9916ac00498ace21faff6f82cafffa81a45020418e2ec66b24a946236e8cd
280725172701;ORBONE;satellite;unknown;49f4bca3b00cbf8ea59bb6e9e1a22c9d3129604ef67742a8e2bca02a95e0ec1b
280725172702;ORBONE;ship;killed;61b25d0a4dfbaacf1aaebdedb5704f30544f6b5b50bec70b21cb1b2ae00b9c40
280725172701;ORBONE;ship;warning;f220c90a3304b0e54659e37b68564ee41257493eb8f9c00b47f2eba251d4e3b0
280725172702;ORBONE;ship;excellent;20322915f65e28b826a597087a8cbb2dce1f76934589654ef3be25e31f03ceec
280725172702;ORBONE;spacesuit;faulty;8ea90f7c1b040c90625ac53a91f218c88a7ffdc4a8700ee07f7388091e837cb5
280725172701;ORBONE;vehicle;faulty;3e9df72a24a6d1e866ea4a3f854adf63b81b4cb687145a8deb8532e9016a8385
280725172701;ORBONE;ship;warning;f220c90a3304b0e54659e37b68564ee41257493eb8f9c00b47f2eba251d4e3b0
280725172701;ORBONE;spacesuit;faulty;f9749ade8ab37a968a13a19df8fe79bd7bbc13b02eacbccd72cc3ebafc4a1206
280725172701;ORBONE;vehicle;warning;4793783face2e3540905924cbc90538ee89e8a35fa7d5f7ddd766df091c68547
280725172701;ORBONE;spacesuit;excellent;cdc64afa9c2bf9e4e14707c2d63aea7cbe18f3de2d29cbfa4e691dc52a46e228
280725172701;ORBONE;vehicle;killed;df9606b8dc2c78d0f16687c1c427a1ace8a1759ab8cb210e4f1301788e412235
280725172701;ORBONE;vehicle;excellent;e5a96bd15c5046846b5091f148c73fe1fdc801db4eb646090e989b9cc6861a2e
280725172701;TMRS;spacesuit;good;65f7c319632a469266d5717ef0ee24508c9224360b6b521737214064fb574409
280725172702;TMRS;satellite;unknown;ba251c2d85ad530b4b5c8ccffdb82236f0b48931f22fb47fd967c079ea08bab0
280725172701;TMRS;spacesuit;warning;22dee18cc85e7e1f798f1d74b7b9e9fc58d194e16f4a21c978870214d9fe8712
280725172702;TMRS;vehicle;faulty;324e5d00b4549123ffacada3e51fa007c9cd0f8f17c119fdabf365ace6eb712c
280725172701;TMRS;spacesuit;unknown;5241d0c9f08b68c54ffb920756e58c43af6e86763735f5c2bd19ced21d25c692
280725172701;TMRS;satellite;unknown;082c51a77a1f0dbacec69579e196f183f43dfa8406e8b5530d968eea3cfe28c6
280725172701;TMRS;spacesuit;warning;22dee18cc85e7e1f798f1d74b7b9e9fc58d194e16f4a21c978870214d9fe8712
280725172702;TMRS;spacesuit;excellent;20af9f3a4495b5eb4ae0a26c93eecbf92b98bd640dadb98bfe03a4d85383d142
280725172701;TMRS;vehicle;excellent;d7651aff36a04e002e26b833495750cd2bfb2632d899c15fc02adeb0b09a379f
280725172701;TMRS;spacesuit;killed;d65bf53e17a285e84bb649beebacd500ac09035929134dfb5cf442f16372210f
280725172702;TMRS;spacesuit;good;17d3ab37498eb67a127edb839b29de25d301960a97406d187f731c5c4389db82
280725172701;TMRS;satellite;excellent;aa0b7415ae1345bd5b4ddd47403ca84d113584df8785668ca92663ef4125aa18
280725172701;TMRS;vehicle;faulty;4a0641d908dbe06fc0314215821d2366c35f73b36d64fdfb64c5cf5c679d8208
280725172701;TMRS;satellite;excellent;aa0b7415ae1345bd5b4ddd47403ca84d113584df8785668ca92663ef4125aa18
280725172702;TMRS;vehicle;faulty;324e5d00b4549123ffacada3e51fa007c9cd0f8f17c119fdabf365ace6eb712c
280725172701;TMRS;vehicle;excellent;d7651aff36a04e002e26b833495750cd2bfb2632d899c15fc02adeb0b09a379f
280725172702;TMRS;ship;faulty;702339cee82480231e08aaca3251a8803cca52376dc85d7ae220d3992a496f3c
280725172701;TMRS;vehicle;faulty;4a0641d908dbe06fc0314215821d2366c35f73b36d64fdfb64c5cf5c679d8208
280725172702;TMRS;vehicle;killed;cf97dff17c140859d4a8cd569ab9ba55bebc637806070cafa7f7fcc0fc4a266b
280725172701;TMRS;ship;good;083592e40ade3e2af55f90983df674e92879e1e1be718c518bfb69aec4fa6f72
280725172701;TMRS;ship;warning;962a2947ec676fa2b448955e95f1f355fb0d318a1bb3a6700403483308ecdfaf
280725172701;TMRS;satellite;warning;2da306d73d7581f901875b68ef33481b0a56c77dfcd02c77f431a691fc4bdb86
280725172701;UNKN;unknown;unknown;unknown
280725172701;UNKN;unknown;unknown;unknown
280725172701;UNKN;unknown;unknown;unknown
280725172701;UNKN;unknown;unknown;unknown
280725172701;UNKN;unknown;unknown;unknown
280725172701;UNKN;unknown;unknown;unknown
280725172701;UNKN;unknown;unknown;unknown
280725172701;UNKN;unknown;unknown;unknown
280725172702;UNKN;unknown;unknown;unknown
280725172701;UNKN;unknown;unknown;unknown
280725172701;UNKN;unknown;unknown;unknown
280725172701;UNKN;unknown;unknown;unknown
280725172701;UNKN;unknown;unknown;unknown
280725172701;UNKN;unknown;unknown;unknown
280725172802;CLNM;ship;unknown;dcf0dbffe1321a0b894548e670e0fe32aecad4444fe33a88d8e1b4208a8b7ff1
280725172801;GALXONE;satellite;unknown;236b66804ff080e092139305a939026bc3ed7584e98eeac79ce0c6265d116ed9
280725172802;GALXONE;vehicle;killed;11fce413d4b938c657bccfc7eec03ac8d6ea905f054ab3e6ddc367afa3f345be
280725172801;ORBONE;vehicle;excellent;342be4afc7bdceb81465fe74ae022e814c6948b5123ffc178f635529ec956ebc
280725172802;TMRS;spacesuit;good;7ce36984ebe8e187e6c4ba7db80c0eb26ef1a442ee6cf4da5e04b115688964f4
280725172801;TMRS;ship;warning;1030624e511f49e0956f0b79cd5d09c4b7a2e906502523168a4a6b65a4986010
280725172801;TMRS;satellite;good;6a0b4b7c3edec106e611fb7205a5086c3cc302376bd0ad3ec835cb7e6cac6073
280725172802;UNKN;unknown;unknown;unknown
280725172901;CLNM;satellite;faulty;73d8f81124ac0b4f831afc844f96f8e0440abced68c5b66ba32f906a6c8a0008
280725172901;CLNM;ship;faulty;4ce155cd9fb7b1cdf2d6bb1f6a896e20e06820b0793ca977b3db950dd587afea
280725172901;CLNM;satellite;faulty;73d8f81124ac0b4f831afc844f96f8e0440abced68c5b66ba32f906a6c8a0008
280725172901;CLNM;satellite;faulty;73d8f81124ac0b4f831afc844f96f8e0440abced68c5b66ba32f906a6c8a0008
280725172901;CLNM;vehicle;killed;3e16dfb132d6ea9c08515e61684fc25dc9a9f0d1e72f411ce62a6fe38711075b
280725172901;CLNM;spacesuit;killed;bcc41914f7dd9902f553fe5a7f314abb3aab71ea0521dc1f89e64b5a6766cc24
280725172901;CLNM;satellite;killed;2a8adb2800cff0947f5a099e8567ae63a5828f0bb9f919329694544cd359116f
280725172901;CLNM;ship;good;48f9ae672e64a8662f7e30c6bc6b3661fdc5c7a357a718a1b46af6a39727075a
280725172901;GALXONE;spacesuit;faulty;055594a5368332b05e02870d9e06db5c3fa86be53a98547ea4ddac86c6fefa35
280725172901;GALXONE;vehicle;good;3b6a8c8b96f9cd4bee293dd23d9f603b032b3961ae0c2a4e9d14ece14b705729
280725172901;GALXONE;satellite;warning;969b48ce90ea76267e829184b7ef1c6094887809be3f032c8a3a77fccd98222c
280725172901;GALXONE;vehicle;good;3b6a8c8b96f9cd4bee293dd23d9f603b032b3961ae0c2a4e9d14ece14b705729
280725172901;GALXONE;spacesuit;unknown;220cddc2e4054ebdd7e8163c310b3de44e578578c79d4cfb11cb5298320130c4
280725172901;ORBONE;spacesuit;killed;388a3c4e628b6b118cbe8bbf17167d46124da31dde9b4ae2848ba84a219b3f0d
280725172901;ORBONE;spacesuit;unknown;a7fbbd543cfc1ced6c48b513555c9709423326c3b85c7860a2d36f7d1dd8d4ab
280725172901;ORBONE;satellite;unknown;128c7a5fa43377bfd81284e1be944bff270948bff9d990afe339577ddd90b16d
280725172901;ORBONE;ship;faulty;16894cef8efbe7ef43586202d738fb739c1eed2f0aedf8ae09f5a24f2ea056ee
280725172901;ORBONE;ship;faulty;16894cef8efbe7ef43586202d738fb739c1eed2f0aedf8ae09f5a24f2ea056ee
280725172901;TMRS;satellite;unknown;322254d60de3c9b7a79599de88b4f0ddac625e64a00e0eaa440fd9d1776dabf5
280725172901;TMRS;spacesuit;faulty;b8020fe1dabc23d9bcc99ec0087f53b450e665bbe1c5da8857e486dcb961997d
280725172901;UNKN;unknown;unknown;unknown
280725172901;UNKN;unknown;unknown;unknown
